{"/home/runner/work/online-judge/online-judge/frontend/eslint.config.js": {"path":"/home/runner/work/online-judge/online-judge/frontend/eslint.config.js","all":true,"statementMap":{"0":{"start":{"line":1,"column":0},"end":{"line":1,"column":27}},"1":{"start":{"line":2,"column":0},"end":{"line":2,"column":29}},"2":{"start":{"line":3,"column":0},"end":{"line":3,"column":50}},"3":{"start":{"line":4,"column":0},"end":{"line":4,"column":54}},"4":{"start":{"line":5,"column":0},"end":{"line":5,"column":40}},"5":{"start":{"line":6,"column":0},"end":{"line":6,"column":45}},"6":{"start":{"line":7,"column":0},"end":{"line":7,"column":0}},"7":{"start":{"line":8,"column":0},"end":{"line":8,"column":32}},"8":{"start":{"line":9,"column":0},"end":{"line":9,"column":26}},"9":{"start":{"line":10,"column":0},"end":{"line":10,"column":3}},"10":{"start":{"line":11,"column":0},"end":{"line":11,"column":29}},"11":{"start":{"line":12,"column":0},"end":{"line":12,"column":14}},"12":{"start":{"line":13,"column":0},"end":{"line":13,"column":29}},"13":{"start":{"line":14,"column":0},"end":{"line":14,"column":35}},"14":{"start":{"line":15,"column":0},"end":{"line":15,"column":47}},"15":{"start":{"line":16,"column":0},"end":{"line":16,"column":32}},"16":{"start":{"line":17,"column":0},"end":{"line":17,"column":6}},"17":{"start":{"line":18,"column":0},"end":{"line":18,"column":22}},"18":{"start":{"line":19,"column":0},"end":{"line":19,"column":24}},"19":{"start":{"line":20,"column":0},"end":{"line":20,"column":31}},"20":{"start":{"line":21,"column":0},"end":{"line":21,"column":6}},"21":{"start":{"line":22,"column":0},"end":{"line":22,"column":4}},"22":{"start":{"line":23,"column":0},"end":{"line":23,"column":2}}},"s":{"0":0,"1":0,"2":0,"3":0,"4":0,"5":0,"6":0,"7":0,"8":0,"9":0,"10":0,"11":0,"12":0,"13":0,"14":0,"15":0,"16":0,"17":0,"18":0,"19":0,"20":0,"21":0,"22":0},"branchMap":{"0":{"type":"branch","line":1,"loc":{"start":{"line":1,"column":609},"end":{"line":23,"column":2}},"locations":[{"start":{"line":1,"column":609},"end":{"line":23,"column":2}}]}},"b":{"0":[0]},"fnMap":{"0":{"name":"(empty-report)","decl":{"start":{"line":1,"column":609},"end":{"line":23,"column":2}},"loc":{"start":{"line":1,"column":609},"end":{"line":23,"column":2}},"line":1}},"f":{"0":0}}
,"/home/runner/work/online-judge/online-judge/frontend/postcss.config.js": {"path":"/home/runner/work/online-judge/online-judge/frontend/postcss.config.js","all":true,"statementMap":{"0":{"start":{"line":1,"column":0},"end":{"line":1,"column":16}},"1":{"start":{"line":2,"column":0},"end":{"line":2,"column":12}},"2":{"start":{"line":3,"column":0},"end":{"line":3,"column":29}},"3":{"start":{"line":4,"column":0},"end":{"line":4,"column":36}},"4":{"start":{"line":5,"column":0},"end":{"line":5,"column":6}},"5":{"start":{"line":6,"column":0},"end":{"line":6,"column":21}},"6":{"start":{"line":7,"column":0},"end":{"line":7,"column":4}},"7":{"start":{"line":8,"column":0},"end":{"line":8,"column":1}}},"s":{"0":0,"1":0,"2":0,"3":0,"4":0,"5":0,"6":0,"7":0},"branchMap":{"0":{"type":"branch","line":1,"loc":{"start":{"line":1,"column":0},"end":{"line":8,"column":-11}},"locations":[{"start":{"line":1,"column":0},"end":{"line":8,"column":-11}}]}},"b":{"0":[0]},"fnMap":{"0":{"name":"(empty-report)","decl":{"start":{"line":1,"column":0},"end":{"line":8,"column":-11}},"loc":{"start":{"line":1,"column":0},"end":{"line":8,"column":-11}},"line":1}},"f":{"0":0}}
,"/home/runner/work/online-judge/online-judge/frontend/tailwind.config.js": {"path":"/home/runner/work/online-judge/online-judge/frontend/tailwind.config.js","all":true,"statementMap":{"0":{"start":{"line":1,"column":0},"end":{"line":1,"column":43}},"1":{"start":{"line":2,"column":0},"end":{"line":2,"column":16}},"2":{"start":{"line":3,"column":0},"end":{"line":3,"column":12}},"3":{"start":{"line":4,"column":0},"end":{"line":4,"column":19}},"4":{"start":{"line":5,"column":0},"end":{"line":5,"column":33}},"5":{"start":{"line":6,"column":0},"end":{"line":6,"column":4}},"6":{"start":{"line":7,"column":0},"end":{"line":7,"column":20}},"7":{"start":{"line":8,"column":0},"end":{"line":8,"column":10}},"8":{"start":{"line":9,"column":0},"end":{"line":9,"column":15}},"9":{"start":{"line":10,"column":0},"end":{"line":10,"column":4}},"10":{"start":{"line":11,"column":0},"end":{"line":11,"column":14}},"11":{"start":{"line":12,"column":0},"end":{"line":12,"column":1}}},"s":{"0":0,"1":0,"2":0,"3":0,"4":0,"5":0,"6":0,"7":0,"8":0,"9":0,"10":0,"11":0},"branchMap":{"0":{"type":"branch","line":1,"loc":{"start":{"line":1,"column":0},"end":{"line":12,"column":-13}},"locations":[{"start":{"line":1,"column":0},"end":{"line":12,"column":-13}}]}},"b":{"0":[0]},"fnMap":{"0":{"name":"(empty-report)","decl":{"start":{"line":1,"column":0},"end":{"line":12,"column":-13}},"loc":{"start":{"line":1,"column":0},"end":{"line":12,"column":-13}},"line":1}},"f":{"0":0}}
,"/home/runner/work/online-judge/online-judge/frontend/vite.config.ts": {"path":"/home/runner/work/online-judge/online-judge/frontend/vite.config.ts","all":true,"statementMap":{"0":{"start":{"line":1,"column":0},"end":{"line":1,"column":44}},"1":{"start":{"line":2,"column":0},"end":{"line":2,"column":44}},"3":{"start":{"line":4,"column":0},"end":{"line":4,"column":43}},"4":{"start":{"line":5,"column":0},"end":{"line":5,"column":47}},"5":{"start":{"line":6,"column":0},"end":{"line":6,"column":55}},"7":{"start":{"line":8,"column":0},"end":{"line":8,"column":10}},"8":{"start":{"line":9,"column":0},"end":{"line":9,"column":23}},"9":{"start":{"line":10,"column":0},"end":{"line":10,"column":23}},"10":{"start":{"line":11,"column":0},"end":{"line":11,"column":4}},"11":{"start":{"line":12,"column":0},"end":{"line":12,"column":3}}},"s":{"0":0,"1":0,"3":0,"4":0,"5":0,"7":0,"8":0,"9":0,"10":0,"11":0},"branchMap":{"0":{"type":"branch","line":1,"loc":{"start":{"line":1,"column":0},"end":{"line":12,"column":-171}},"locations":[{"start":{"line":1,"column":0},"end":{"line":12,"column":-171}}]}},"b":{"0":[0]},"fnMap":{"0":{"name":"(empty-report)","decl":{"start":{"line":1,"column":0},"end":{"line":12,"column":-171}},"loc":{"start":{"line":1,"column":0},"end":{"line":12,"column":-171}},"line":1}},"f":{"0":0}}
,"/home/runner/work/online-judge/online-judge/frontend/vitest.config.ts": {"path":"/home/runner/work/online-judge/online-judge/frontend/vitest.config.ts","all":true,"statementMap":{"0":{"start":{"line":1,"column":0},"end":{"line":1,"column":32}},"1":{"start":{"line":2,"column":0},"end":{"line":2,"column":35}},"2":{"start":{"line":3,"column":0},"end":{"line":3,"column":40}},"4":{"start":{"line":5,"column":0},"end":{"line":5,"column":29}},"5":{"start":{"line":6,"column":0},"end":{"line":6,"column":21}},"6":{"start":{"line":7,"column":0},"end":{"line":7,"column":9}},"7":{"start":{"line":8,"column":0},"end":{"line":8,"column":18}},"8":{"start":{"line":9,"column":0},"end":{"line":9,"column":25}},"9":{"start":{"line":10,"column":0},"end":{"line":10,"column":40}},"10":{"start":{"line":11,"column":0},"end":{"line":11,"column":15}},"11":{"start":{"line":12,"column":0},"end":{"line":12,"column":41}},"12":{"start":{"line":13,"column":0},"end":{"line":13,"column":16}},"13":{"start":{"line":14,"column":0},"end":{"line":14,"column":24}},"14":{"start":{"line":15,"column":0},"end":{"line":15,"column":20}},"15":{"start":{"line":16,"column":0},"end":{"line":16,"column":20}},"16":{"start":{"line":17,"column":0},"end":{"line":17,"column":29}},"17":{"start":{"line":18,"column":0},"end":{"line":18,"column":29}},"18":{"start":{"line":19,"column":0},"end":{"line":19,"column":8}},"19":{"start":{"line":20,"column":0},"end":{"line":20,"column":6}},"20":{"start":{"line":21,"column":0},"end":{"line":21,"column":4}},"21":{"start":{"line":22,"column":0},"end":{"line":22,"column":2}}},"s":{"0":0,"1":0,"2":0,"4":0,"5":0,"6":0,"7":0,"8":0,"9":0,"10":0,"11":0,"12":0,"13":0,"14":0,"15":0,"16":0,"17":0,"18":0,"19":0,"20":0,"21":0},"branchMap":{"0":{"type":"branch","line":1,"loc":{"start":{"line":1,"column":0},"end":{"line":22,"column":-166}},"locations":[{"start":{"line":1,"column":0},"end":{"line":22,"column":-166}}]}},"b":{"0":[0]},"fnMap":{"0":{"name":"(empty-report)","decl":{"start":{"line":1,"column":0},"end":{"line":22,"column":-166}},"loc":{"start":{"line":1,"column":0},"end":{"line":22,"column":-166}},"line":1}},"f":{"0":0}}
,"/home/runner/work/online-judge/online-judge/frontend/src/App.tsx": {"path":"/home/runner/work/online-judge/online-judge/frontend/src/App.tsx","all":true,"statementMap":{"0":{"start":{"line":1,"column":0},"end":{"line":1,"column":84}},"1":{"start":{"line":2,"column":0},"end":{"line":2,"column":73}},"2":{"start":{"line":3,"column":0},"end":{"line":3,"column":42}},"3":{"start":{"line":4,"column":0},"end":{"line":4,"column":54}},"4":{"start":{"line":5,"column":0},"end":{"line":5,"column":56}},"5":{"start":{"line":6,"column":0},"end":{"line":6,"column":57}},"6":{"start":{"line":7,"column":0},"end":{"line":7,"column":66}},"7":{"start":{"line":8,"column":0},"end":{"line":8,"column":44}},"8":{"start":{"line":9,"column":0},"end":{"line":9,"column":51}},"9":{"start":{"line":10,"column":0},"end":{"line":10,"column":57}},"10":{"start":{"line":11,"column":0},"end":{"line":11,"column":52}},"11":{"start":{"line":12,"column":0},"end":{"line":12,"column":21}},"13":{"start":{"line":14,"column":0},"end":{"line":14,"column":37}},"14":{"start":{"line":15,"column":0},"end":{"line":15,"column":19}},"15":{"start":{"line":16,"column":0},"end":{"line":16,"column":14}},"16":{"start":{"line":17,"column":0},"end":{"line":17,"column":15}},"17":{"start":{"line":18,"column":0},"end":{"line":18,"column":34}},"18":{"start":{"line":19,"column":0},"end":{"line":19,"column":6}},"19":{"start":{"line":20,"column":0},"end":{"line":20,"column":4}},"20":{"start":{"line":21,"column":0},"end":{"line":21,"column":3}},"22":{"start":{"line":23,"column":0},"end":{"line":23,"column":16}},"23":{"start":{"line":24,"column":0},"end":{"line":24,"column":10}},"24":{"start":{"line":25,"column":0},"end":{"line":25,"column":46}},"25":{"start":{"line":26,"column":0},"end":{"line":26,"column":21}},"26":{"start":{"line":27,"column":0},"end":{"line":27,"column":22}},"27":{"start":{"line":28,"column":0},"end":{"line":28,"column":18}},"28":{"start":{"line":29,"column":0},"end":{"line":29,"column":70}},"29":{"start":{"line":30,"column":0},"end":{"line":30,"column":22}},"30":{"start":{"line":31,"column":0},"end":{"line":31,"column":51}},"31":{"start":{"line":32,"column":0},"end":{"line":32,"column":54}},"32":{"start":{"line":33,"column":0},"end":{"line":33,"column":32}},"33":{"start":{"line":34,"column":0},"end":{"line":34,"column":35}},"34":{"start":{"line":35,"column":0},"end":{"line":35,"column":33}},"35":{"start":{"line":36,"column":0},"end":{"line":36,"column":35}},"36":{"start":{"line":37,"column":0},"end":{"line":37,"column":20}},"37":{"start":{"line":38,"column":0},"end":{"line":38,"column":54}},"38":{"start":{"line":39,"column":0},"end":{"line":39,"column":54}},"39":{"start":{"line":40,"column":0},"end":{"line":40,"column":32}},"40":{"start":{"line":41,"column":0},"end":{"line":41,"column":38}},"41":{"start":{"line":42,"column":0},"end":{"line":42,"column":33}},"42":{"start":{"line":43,"column":0},"end":{"line":43,"column":35}},"43":{"start":{"line":44,"column":0},"end":{"line":44,"column":20}},"45":{"start":{"line":46,"column":0},"end":{"line":46,"column":53}},"46":{"start":{"line":47,"column":0},"end":{"line":47,"column":56}},"48":{"start":{"line":49,"column":0},"end":{"line":49,"column":75}},"50":{"start":{"line":51,"column":0},"end":{"line":51,"column":54}},"51":{"start":{"line":52,"column":0},"end":{"line":52,"column":83}},"52":{"start":{"line":53,"column":0},"end":{"line":53,"column":51}},"53":{"start":{"line":54,"column":0},"end":{"line":54,"column":110}},"54":{"start":{"line":55,"column":0},"end":{"line":55,"column":90}},"55":{"start":{"line":56,"column":0},"end":{"line":56,"column":28}},"56":{"start":{"line":57,"column":0},"end":{"line":57,"column":26}},"57":{"start":{"line":58,"column":0},"end":{"line":58,"column":22}},"59":{"start":{"line":60,"column":0},"end":{"line":60,"column":50}},"60":{"start":{"line":61,"column":0},"end":{"line":61,"column":36}},"61":{"start":{"line":62,"column":0},"end":{"line":62,"column":85}},"62":{"start":{"line":63,"column":0},"end":{"line":63,"column":53}},"63":{"start":{"line":64,"column":0},"end":{"line":64,"column":108}},"64":{"start":{"line":65,"column":0},"end":{"line":65,"column":92}},"65":{"start":{"line":66,"column":0},"end":{"line":66,"column":30}},"66":{"start":{"line":67,"column":0},"end":{"line":67,"column":28}},"67":{"start":{"line":68,"column":0},"end":{"line":68,"column":37}},"68":{"start":{"line":69,"column":0},"end":{"line":69,"column":22}},"69":{"start":{"line":70,"column":0},"end":{"line":70,"column":24}},"71":{"start":{"line":72,"column":0},"end":{"line":72,"column":72}},"72":{"start":{"line":73,"column":0},"end":{"line":73,"column":23}},"73":{"start":{"line":74,"column":0},"end":{"line":74,"column":18}},"74":{"start":{"line":75,"column":0},"end":{"line":75,"column":19}},"76":{"start":{"line":77,"column":0},"end":{"line":77,"column":18}},"77":{"start":{"line":78,"column":0},"end":{"line":78,"column":32}},"78":{"start":{"line":79,"column":0},"end":{"line":79,"column":27}},"79":{"start":{"line":80,"column":0},"end":{"line":80,"column":29}},"80":{"start":{"line":81,"column":0},"end":{"line":81,"column":22}},"81":{"start":{"line":82,"column":0},"end":{"line":82,"column":46}},"82":{"start":{"line":83,"column":0},"end":{"line":83,"column":44}},"83":{"start":{"line":84,"column":0},"end":{"line":84,"column":56}},"84":{"start":{"line":85,"column":0},"end":{"line":85,"column":16}},"85":{"start":{"line":86,"column":0},"end":{"line":86,"column":14}},"86":{"start":{"line":87,"column":0},"end":{"line":87,"column":12}},"87":{"start":{"line":88,"column":0},"end":{"line":88,"column":23}},"88":{"start":{"line":89,"column":0},"end":{"line":89,"column":22}},"89":{"start":{"line":90,"column":0},"end":{"line":90,"column":26}},"91":{"start":{"line":92,"column":0},"end":{"line":92,"column":1}},"93":{"start":{"line":94,"column":0},"end":{"line":94,"column":19}}},"s":{"0":0,"1":0,"2":0,"3":0,"4":0,"5":0,"6":0,"7":0,"8":0,"9":0,"10":0,"11":0,"13":0,"14":0,"15":0,"16":0,"17":0,"18":0,"19":0,"20":0,"22":0,"23":0,"24":0,"25":0,"26":0,"27":0,"28":0,"29":0,"30":0,"31":0,"32":0,"33":0,"34":0,"35":0,"36":0,"37":0,"38":0,"39":0,"40":0,"41":0,"42":0,"43":0,"45":0,"46":0,"48":0,"50":0,"51":0,"52":0,"53":0,"54":0,"55":0,"56":0,"57":0,"59":0,"60":0,"61":0,"62":0,"63":0,"64":0,"65":0,"66":0,"67":0,"68":0,"69":0,"71":0,"72":0,"73":0,"74":0,"76":0,"77":0,"78":0,"79":0,"80":0,"81":0,"82":0,"83":0,"84":0,"85":0,"86":0,"87":0,"88":0,"89":0,"91":0,"93":0},"branchMap":{"0":{"type":"branch","line":1,"loc":{"start":{"line":1,"column":0},"end":{"line":94,"column":-2363}},"locations":[{"start":{"line":1,"column":0},"end":{"line":94,"column":-2363}}]}},"b":{"0":[0]},"fnMap":{"0":{"name":"(empty-report)","decl":{"start":{"line":1,"column":0},"end":{"line":94,"column":-2363}},"loc":{"start":{"line":1,"column":0},"end":{"line":94,"column":-2363}},"line":1}},"f":{"0":0}}
,"/home/runner/work/online-judge/online-judge/frontend/src/main.tsx": {"path":"/home/runner/work/online-judge/online-judge/frontend/src/main.tsx","all":true,"statementMap":{"0":{"start":{"line":1,"column":0},"end":{"line":1,"column":34}},"1":{"start":{"line":2,"column":0},"end":{"line":2,"column":45}},"2":{"start":{"line":3,"column":0},"end":{"line":3,"column":20}},"3":{"start":{"line":4,"column":0},"end":{"line":4,"column":27}},"5":{"start":{"line":6,"column":0},"end":{"line":6,"column":52}},"6":{"start":{"line":7,"column":0},"end":{"line":7,"column":14}},"7":{"start":{"line":8,"column":0},"end":{"line":8,"column":11}},"8":{"start":{"line":9,"column":0},"end":{"line":9,"column":16}},"9":{"start":{"line":10,"column":0},"end":{"line":10,"column":1}}},"s":{"0":0,"1":0,"2":0,"3":0,"5":0,"6":0,"7":0,"8":0,"9":0},"branchMap":{"0":{"type":"branch","line":1,"loc":{"start":{"line":1,"column":229},"end":{"line":10,"column":1}},"locations":[{"start":{"line":1,"column":229},"end":{"line":10,"column":1}}]}},"b":{"0":[0]},"fnMap":{"0":{"name":"(empty-report)","decl":{"start":{"line":1,"column":229},"end":{"line":10,"column":1}},"loc":{"start":{"line":1,"column":229},"end":{"line":10,"column":1}},"line":1}},"f":{"0":0}}
,"/home/runner/work/online-judge/online-judge/frontend/src/components/auth/LoginForm.tsx": {"path":"/home/runner/work/online-judge/online-judge/frontend/src/components/auth/LoginForm.tsx","all":false,"statementMap":{"0":{"start":{"line":1,"column":0},"end":{"line":1,"column":33}},"10":{"start":{"line":11,"column":0},"end":{"line":11,"column":30}},"11":{"start":{"line":12,"column":0},"end":{"line":12,"column":11}},"12":{"start":{"line":13,"column":0},"end":{"line":13,"column":13}},"13":{"start":{"line":14,"column":0},"end":{"line":14,"column":33}},"14":{"start":{"line":15,"column":0},"end":{"line":15,"column":51}},"15":{"start":{"line":16,"column":0},"end":{"line":16,"column":52}},"16":{"start":{"line":17,"column":0},"end":{"line":17,"column":101}},"17":{"start":{"line":18,"column":0},"end":{"line":18,"column":13}},"18":{"start":{"line":19,"column":0},"end":{"line":19,"column":13}},"19":{"start":{"line":20,"column":0},"end":{"line":20,"column":35}},"20":{"start":{"line":21,"column":0},"end":{"line":21,"column":58}},"21":{"start":{"line":22,"column":0},"end":{"line":22,"column":3}},"25":{"start":{"line":26,"column":0},"end":{"line":26,"column":32}},"26":{"start":{"line":27,"column":0},"end":{"line":27,"column":58}},"27":{"start":{"line":28,"column":0},"end":{"line":28,"column":68}},"28":{"start":{"line":29,"column":0},"end":{"line":29,"column":48}},"29":{"start":{"line":30,"column":0},"end":{"line":30,"column":33}},"30":{"start":{"line":31,"column":0},"end":{"line":31,"column":33}},"32":{"start":{"line":33,"column":0},"end":{"line":33,"column":53}},"34":{"start":{"line":35,"column":0},"end":{"line":35,"column":9}},"35":{"start":{"line":36,"column":0},"end":{"line":36,"column":13}},"36":{"start":{"line":37,"column":0},"end":{"line":37,"column":17}},"37":{"start":{"line":38,"column":0},"end":{"line":38,"column":26}},"38":{"start":{"line":39,"column":0},"end":{"line":39,"column":12}},"39":{"start":{"line":40,"column":0},"end":{"line":40,"column":30}},"40":{"start":{"line":41,"column":0},"end":{"line":41,"column":39}},"41":{"start":{"line":42,"column":0},"end":{"line":42,"column":20}},"42":{"start":{"line":43,"column":0},"end":{"line":43,"column":17}},"43":{"start":{"line":44,"column":0},"end":{"line":44,"column":18}},"44":{"start":{"line":45,"column":0},"end":{"line":45,"column":5}},"45":{"start":{"line":46,"column":0},"end":{"line":46,"column":5}},"47":{"start":{"line":48,"column":0},"end":{"line":48,"column":51}},"48":{"start":{"line":49,"column":0},"end":{"line":49,"column":9}},"49":{"start":{"line":50,"column":0},"end":{"line":50,"column":26}},"50":{"start":{"line":51,"column":0},"end":{"line":51,"column":42}},"51":{"start":{"line":52,"column":0},"end":{"line":52,"column":28}},"52":{"start":{"line":53,"column":0},"end":{"line":53,"column":31}},"53":{"start":{"line":54,"column":0},"end":{"line":54,"column":8}},"55":{"start":{"line":56,"column":0},"end":{"line":56,"column":32}},"56":{"start":{"line":57,"column":0},"end":{"line":57,"column":40}},"57":{"start":{"line":58,"column":0},"end":{"line":58,"column":21}},"58":{"start":{"line":59,"column":0},"end":{"line":59,"column":35}},"59":{"start":{"line":60,"column":0},"end":{"line":60,"column":52}},"60":{"start":{"line":61,"column":0},"end":{"line":61,"column":143}},"61":{"start":{"line":62,"column":0},"end":{"line":62,"column":73}},"62":{"start":{"line":63,"column":0},"end":{"line":63,"column":89}},"63":{"start":{"line":64,"column":0},"end":{"line":64,"column":60}},"64":{"start":{"line":65,"column":0},"end":{"line":65,"column":16}},"65":{"start":{"line":66,"column":0},"end":{"line":66,"column":76}},"66":{"start":{"line":67,"column":0},"end":{"line":67,"column":9}},"67":{"start":{"line":68,"column":0},"end":{"line":68,"column":14}},"68":{"start":{"line":69,"column":0},"end":{"line":69,"column":54}},"69":{"start":{"line":70,"column":0},"end":{"line":70,"column":7}},"70":{"start":{"line":71,"column":0},"end":{"line":71,"column":5}},"71":{"start":{"line":72,"column":0},"end":{"line":72,"column":4}},"73":{"start":{"line":74,"column":0},"end":{"line":74,"column":10}},"74":{"start":{"line":75,"column":0},"end":{"line":75,"column":122}},"75":{"start":{"line":76,"column":0},"end":{"line":76,"column":49}},"76":{"start":{"line":77,"column":0},"end":{"line":77,"column":37}},"77":{"start":{"line":78,"column":0},"end":{"line":78,"column":90}},"79":{"start":{"line":80,"column":0},"end":{"line":80,"column":15}},"80":{"start":{"line":81,"column":0},"end":{"line":81,"column":14}},"82":{"start":{"line":83,"column":0},"end":{"line":83,"column":14}},"83":{"start":{"line":84,"column":0},"end":{"line":84,"column":22}},"84":{"start":{"line":85,"column":0},"end":{"line":85,"column":40}},"85":{"start":{"line":86,"column":0},"end":{"line":86,"column":23}},"86":{"start":{"line":87,"column":0},"end":{"line":87,"column":23}},"87":{"start":{"line":88,"column":0},"end":{"line":88,"column":36}},"88":{"start":{"line":89,"column":0},"end":{"line":89,"column":33}},"89":{"start":{"line":90,"column":0},"end":{"line":90,"column":40}},"90":{"start":{"line":91,"column":0},"end":{"line":91,"column":37}},"91":{"start":{"line":92,"column":0},"end":{"line":92,"column":20}},"92":{"start":{"line":93,"column":0},"end":{"line":93,"column":30}},"93":{"start":{"line":94,"column":0},"end":{"line":94,"column":27}},"94":{"start":{"line":95,"column":0},"end":{"line":95,"column":39}},"95":{"start":{"line":96,"column":0},"end":{"line":96,"column":47}},"96":{"start":{"line":97,"column":0},"end":{"line":97,"column":46}},"97":{"start":{"line":98,"column":0},"end":{"line":98,"column":43}},"98":{"start":{"line":99,"column":0},"end":{"line":99,"column":39}},"99":{"start":{"line":100,"column":0},"end":{"line":100,"column":16}},"101":{"start":{"line":102,"column":0},"end":{"line":102,"column":40}},"102":{"start":{"line":103,"column":0},"end":{"line":103,"column":22}},"103":{"start":{"line":104,"column":0},"end":{"line":104,"column":34}},"104":{"start":{"line":105,"column":0},"end":{"line":105,"column":59}},"105":{"start":{"line":106,"column":0},"end":{"line":106,"column":49}},"106":{"start":{"line":107,"column":0},"end":{"line":107,"column":51}},"107":{"start":{"line":108,"column":0},"end":{"line":108,"column":50}},"108":{"start":{"line":109,"column":0},"end":{"line":109,"column":45}},"109":{"start":{"line":110,"column":0},"end":{"line":110,"column":43}},"110":{"start":{"line":111,"column":0},"end":{"line":111,"column":35}},"111":{"start":{"line":112,"column":0},"end":{"line":112,"column":18}},"112":{"start":{"line":113,"column":0},"end":{"line":113,"column":23}},"113":{"start":{"line":114,"column":0},"end":{"line":114,"column":31}},"114":{"start":{"line":115,"column":0},"end":{"line":115,"column":135}},"115":{"start":{"line":116,"column":0},"end":{"line":116,"column":64}},"116":{"start":{"line":117,"column":0},"end":{"line":117,"column":45}},"118":{"start":{"line":119,"column":0},"end":{"line":119,"column":35}},"119":{"start":{"line":120,"column":0},"end":{"line":120,"column":50}},"121":{"start":{"line":122,"column":0},"end":{"line":122,"column":47}},"123":{"start":{"line":124,"column":0},"end":{"line":124,"column":25}},"124":{"start":{"line":125,"column":0},"end":{"line":125,"column":20}},"126":{"start":{"line":127,"column":0},"end":{"line":127,"column":30}},"127":{"start":{"line":128,"column":0},"end":{"line":128,"column":77}},"128":{"start":{"line":129,"column":0},"end":{"line":129,"column":74}},"129":{"start":{"line":130,"column":0},"end":{"line":130,"column":32}},"130":{"start":{"line":131,"column":0},"end":{"line":131,"column":24}},"131":{"start":{"line":132,"column":0},"end":{"line":132,"column":22}},"134":{"start":{"line":135,"column":0},"end":{"line":135,"column":21}},"135":{"start":{"line":136,"column":0},"end":{"line":136,"column":29}},"136":{"start":{"line":137,"column":0},"end":{"line":137,"column":34}},"137":{"start":{"line":138,"column":0},"end":{"line":138,"column":44}},"138":{"start":{"line":139,"column":0},"end":{"line":139,"column":43}},"140":{"start":{"line":141,"column":0},"end":{"line":141,"column":64}},"141":{"start":{"line":142,"column":0},"end":{"line":142,"column":23}},"142":{"start":{"line":143,"column":0},"end":{"line":143,"column":19}},"143":{"start":{"line":144,"column":0},"end":{"line":144,"column":24}},"144":{"start":{"line":145,"column":0},"end":{"line":145,"column":15}},"145":{"start":{"line":146,"column":0},"end":{"line":146,"column":12}},"146":{"start":{"line":147,"column":0},"end":{"line":147,"column":10}},"148":{"start":{"line":149,"column":0},"end":{"line":149,"column":2}}},"s":{"0":1,"10":1,"11":1,"12":1,"13":1,"14":1,"15":1,"16":1,"17":1,"18":1,"19":1,"20":1,"21":1,"25":1,"26":40,"27":40,"28":40,"29":40,"30":40,"32":40,"34":40,"35":40,"36":40,"37":40,"38":40,"39":40,"40":40,"41":40,"42":40,"43":40,"44":40,"45":40,"47":40,"48":4,"49":4,"50":4,"51":4,"52":4,"53":4,"55":4,"56":1,"57":4,"58":3,"59":2,"60":2,"61":1,"62":1,"63":1,"64":1,"65":0,"66":0,"67":3,"68":1,"69":1,"70":3,"71":4,"73":40,"74":40,"75":40,"76":40,"77":40,"79":40,"80":40,"82":40,"83":40,"84":40,"85":40,"86":40,"87":40,"88":9,"89":9,"90":40,"91":40,"92":40,"93":40,"94":40,"95":40,"96":40,"97":40,"98":40,"99":40,"101":40,"102":40,"103":40,"104":40,"105":40,"106":40,"107":40,"108":40,"109":40,"110":40,"111":40,"112":40,"113":40,"114":40,"115":40,"116":40,"118":40,"119":1,"121":39,"123":40,"124":40,"126":40,"127":2,"128":2,"129":2,"130":2,"131":2,"134":40,"135":40,"136":40,"137":40,"138":40,"140":40,"141":40,"142":40,"143":40,"144":40,"145":40,"146":40,"148":40},"branchMap":{"0":{"type":"branch","line":26,"loc":{"start":{"line":26,"column":25},"end":{"line":149,"column":2}},"locations":[{"start":{"line":26,"column":25},"end":{"line":149,"column":2}}]},"1":{"type":"branch","line":33,"loc":{"start":{"line":33,"column":24},"end":{"line":33,"column":49}},"locations":[{"start":{"line":33,"column":24},"end":{"line":33,"column":49}}]},"2":{"type":"branch","line":97,"loc":{"start":{"line":97,"column":30},"end":{"line":97,"column":46}},"locations":[{"start":{"line":97,"column":30},"end":{"line":97,"column":46}}]},"3":{"type":"branch","line":105,"loc":{"start":{"line":105,"column":24},"end":{"line":105,"column":48}},"locations":[{"start":{"line":105,"column":24},"end":{"line":105,"column":48}}]},"4":{"type":"branch","line":105,"loc":{"start":{"line":105,"column":39},"end":{"line":105,"column":59}},"locations":[{"start":{"line":105,"column":39},"end":{"line":105,"column":59}}]},"5":{"type":"branch","line":108,"loc":{"start":{"line":108,"column":32},"end":{"line":108,"column":50}},"locations":[{"start":{"line":108,"column":32},"end":{"line":108,"column":50}}]},"6":{"type":"branch","line":119,"loc":{"start":{"line":119,"column":19},"end":{"line":120,"column":50}},"locations":[{"start":{"line":119,"column":19},"end":{"line":120,"column":50}}]},"7":{"type":"branch","line":120,"loc":{"start":{"line":120,"column":48},"end":{"line":122,"column":47}},"locations":[{"start":{"line":120,"column":48},"end":{"line":122,"column":47}}]},"8":{"type":"branch","line":127,"loc":{"start":{"line":127,"column":15},"end":{"line":132,"column":22}},"locations":[{"start":{"line":127,"column":15},"end":{"line":132,"column":22}}]},"9":{"type":"branch","line":141,"loc":{"start":{"line":141,"column":17},"end":{"line":141,"column":54}},"locations":[{"start":{"line":141,"column":17},"end":{"line":141,"column":54}}]},"10":{"type":"branch","line":141,"loc":{"start":{"line":141,"column":36},"end":{"line":141,"column":64}},"locations":[{"start":{"line":141,"column":36},"end":{"line":141,"column":64}}]},"11":{"type":"branch","line":48,"loc":{"start":{"line":48,"column":19},"end":{"line":72,"column":4}},"locations":[{"start":{"line":48,"column":19},"end":{"line":72,"column":4}}]},"12":{"type":"branch","line":56,"loc":{"start":{"line":56,"column":30},"end":{"line":58,"column":13}},"locations":[{"start":{"line":56,"column":30},"end":{"line":58,"column":13}}]},"13":{"type":"branch","line":58,"loc":{"start":{"line":58,"column":4},"end":{"line":71,"column":5}},"locations":[{"start":{"line":58,"column":4},"end":{"line":71,"column":5}}]},"14":{"type":"branch","line":59,"loc":{"start":{"line":59,"column":34},"end":{"line":68,"column":13}},"locations":[{"start":{"line":59,"column":34},"end":{"line":68,"column":13}}]},"15":{"type":"branch","line":61,"loc":{"start":{"line":61,"column":38},"end":{"line":61,"column":72}},"locations":[{"start":{"line":61,"column":38},"end":{"line":61,"column":72}}]},"16":{"type":"branch","line":61,"loc":{"start":{"line":61,"column":67},"end":{"line":61,"column":105}},"locations":[{"start":{"line":61,"column":67},"end":{"line":61,"column":105}}]},"17":{"type":"branch","line":61,"loc":{"start":{"line":61,"column":100},"end":{"line":61,"column":142}},"locations":[{"start":{"line":61,"column":100},"end":{"line":61,"column":142}}]},"18":{"type":"branch","line":61,"loc":{"start":{"line":61,"column":142},"end":{"line":67,"column":9}},"locations":[{"start":{"line":61,"column":142},"end":{"line":67,"column":9}}]},"19":{"type":"branch","line":62,"loc":{"start":{"line":62,"column":30},"end":{"line":62,"column":71}},"locations":[{"start":{"line":62,"column":30},"end":{"line":62,"column":71}}]},"20":{"type":"branch","line":63,"loc":{"start":{"line":63,"column":47},"end":{"line":63,"column":88}},"locations":[{"start":{"line":63,"column":47},"end":{"line":63,"column":88}}]},"21":{"type":"branch","line":65,"loc":{"start":{"line":65,"column":8},"end":{"line":67,"column":9}},"locations":[{"start":{"line":65,"column":8},"end":{"line":67,"column":9}}]},"22":{"type":"branch","line":68,"loc":{"start":{"line":68,"column":6},"end":{"line":70,"column":7}},"locations":[{"start":{"line":68,"column":6},"end":{"line":70,"column":7}}]},"23":{"type":"branch","line":88,"loc":{"start":{"line":88,"column":28},"end":{"line":91,"column":15}},"locations":[{"start":{"line":88,"column":28},"end":{"line":91,"column":15}}]},"24":{"type":"branch","line":116,"loc":{"start":{"line":116,"column":27},"end":{"line":116,"column":64}},"locations":[{"start":{"line":116,"column":27},"end":{"line":116,"column":64}}]}},"b":{"0":[40],"1":[0],"2":[12],"3":[1],"4":[39],"5":[13],"6":[1],"7":[39],"8":[2],"9":[2],"10":[38],"11":[4],"12":[1],"13":[3],"14":[2],"15":[1],"16":[1],"17":[1],"18":[1],"19":[0],"20":[0],"21":[0],"22":[1],"23":[9],"24":[2]},"fnMap":{"0":{"name":"LoginForm","decl":{"start":{"line":26,"column":25},"end":{"line":149,"column":2}},"loc":{"start":{"line":26,"column":25},"end":{"line":149,"column":2}},"line":26},"1":{"name":"onSubmit","decl":{"start":{"line":48,"column":19},"end":{"line":72,"column":4}},"loc":{"start":{"line":48,"column":19},"end":{"line":72,"column":4}},"line":48},"2":{"name":"onSubmit","decl":{"start":{"line":88,"column":28},"end":{"line":91,"column":15}},"loc":{"start":{"line":88,"column":28},"end":{"line":91,"column":15}},"line":88},"3":{"name":"onClick","decl":{"start":{"line":116,"column":27},"end":{"line":116,"column":64}},"loc":{"start":{"line":116,"column":27},"end":{"line":116,"column":64}},"line":116}},"f":{"0":40,"1":4,"2":9,"3":2}}
,"/home/runner/work/online-judge/online-judge/frontend/src/components/auth/ProtectedRoute.tsx": {"path":"/home/runner/work/online-judge/online-judge/frontend/src/components/auth/ProtectedRoute.tsx","all":false,"statementMap":{"0":{"start":{"line":1,"column":0},"end":{"line":1,"column":39}},"9":{"start":{"line":10,"column":0},"end":{"line":10,"column":90}},"10":{"start":{"line":11,"column":0},"end":{"line":11,"column":56}},"11":{"start":{"line":12,"column":0},"end":{"line":12,"column":33}},"13":{"start":{"line":14,"column":0},"end":{"line":14,"column":23}},"14":{"start":{"line":15,"column":0},"end":{"line":15,"column":12}},"15":{"start":{"line":16,"column":0},"end":{"line":16,"column":69}},"16":{"start":{"line":17,"column":0},"end":{"line":17,"column":37}},"17":{"start":{"line":18,"column":0},"end":{"line":18,"column":144}},"18":{"start":{"line":19,"column":0},"end":{"line":19,"column":72}},"19":{"start":{"line":20,"column":0},"end":{"line":20,"column":14}},"20":{"start":{"line":21,"column":0},"end":{"line":21,"column":12}},"22":{"start":{"line":23,"column":0},"end":{"line":23,"column":3}},"24":{"start":{"line":25,"column":0},"end":{"line":25,"column":40}},"25":{"start":{"line":26,"column":0},"end":{"line":26,"column":76}},"26":{"start":{"line":27,"column":0},"end":{"line":27,"column":3}},"28":{"start":{"line":29,"column":0},"end":{"line":29,"column":40}},"29":{"start":{"line":30,"column":0},"end":{"line":30,"column":55}},"30":{"start":{"line":31,"column":0},"end":{"line":31,"column":42}},"31":{"start":{"line":32,"column":0},"end":{"line":32,"column":3}},"33":{"start":{"line":34,"column":0},"end":{"line":34,"column":25}},"34":{"start":{"line":35,"column":0},"end":{"line":35,"column":2}}},"s":{"0":1,"9":1,"10":6,"11":6,"13":6,"14":1,"15":1,"16":1,"17":1,"18":1,"19":1,"20":1,"22":1,"24":6,"25":2,"26":2,"28":6,"29":1,"30":1,"31":1,"33":2,"34":2},"branchMap":{"0":{"type":"branch","line":10,"loc":{"start":{"line":10,"column":30},"end":{"line":35,"column":2}},"locations":[{"start":{"line":10,"column":30},"end":{"line":35,"column":2}}]},"1":{"type":"branch","line":14,"loc":{"start":{"line":14,"column":22},"end":{"line":23,"column":3}},"locations":[{"start":{"line":14,"column":22},"end":{"line":23,"column":3}}]},"2":{"type":"branch","line":23,"loc":{"start":{"line":23,"column":2},"end":{"line":25,"column":21}},"locations":[{"start":{"line":23,"column":2},"end":{"line":25,"column":21}}]},"3":{"type":"branch","line":25,"loc":{"start":{"line":25,"column":6},"end":{"line":25,"column":39}},"locations":[{"start":{"line":25,"column":6},"end":{"line":25,"column":39}}]},"4":{"type":"branch","line":25,"loc":{"start":{"line":25,"column":39},"end":{"line":27,"column":3}},"locations":[{"start":{"line":25,"column":39},"end":{"line":27,"column":3}}]},"5":{"type":"branch","line":27,"loc":{"start":{"line":27,"column":2},"end":{"line":29,"column":22}},"locations":[{"start":{"line":27,"column":2},"end":{"line":29,"column":22}}]},"6":{"type":"branch","line":29,"loc":{"start":{"line":29,"column":7},"end":{"line":29,"column":39}},"locations":[{"start":{"line":29,"column":7},"end":{"line":29,"column":39}}]},"7":{"type":"branch","line":29,"loc":{"start":{"line":29,"column":39},"end":{"line":32,"column":3}},"locations":[{"start":{"line":29,"column":39},"end":{"line":32,"column":3}}]},"8":{"type":"branch","line":30,"loc":{"start":{"line":30,"column":26},"end":{"line":30,"column":51}},"locations":[{"start":{"line":30,"column":26},"end":{"line":30,"column":51}}]},"9":{"type":"branch","line":32,"loc":{"start":{"line":32,"column":2},"end":{"line":35,"column":2}},"locations":[{"start":{"line":32,"column":2},"end":{"line":35,"column":2}}]}},"b":{"0":[6],"1":[1],"2":[5],"3":[3],"4":[2],"5":[3],"6":[2],"7":[1],"8":[0],"9":[2]},"fnMap":{"0":{"name":"ProtectedRoute","decl":{"start":{"line":10,"column":30},"end":{"line":35,"column":2}},"loc":{"start":{"line":10,"column":30},"end":{"line":35,"column":2}},"line":10}},"f":{"0":6}}
,"/home/runner/work/online-judge/online-judge/frontend/src/components/auth/RegisterForm.tsx": {"path":"/home/runner/work/online-judge/online-judge/frontend/src/components/auth/RegisterForm.tsx","all":false,"statementMap":{"0":{"start":{"line":1,"column":0},"end":{"line":1,"column":33}},"11":{"start":{"line":12,"column":0},"end":{"line":12,"column":33}},"12":{"start":{"line":13,"column":0},"end":{"line":13,"column":11}},"13":{"start":{"line":14,"column":0},"end":{"line":14,"column":13}},"14":{"start":{"line":15,"column":0},"end":{"line":15,"column":33}},"15":{"start":{"line":16,"column":0},"end":{"line":16,"column":51}},"16":{"start":{"line":17,"column":0},"end":{"line":17,"column":52}},"17":{"start":{"line":18,"column":0},"end":{"line":18,"column":101}},"18":{"start":{"line":19,"column":0},"end":{"line":19,"column":10}},"19":{"start":{"line":20,"column":0},"end":{"line":20,"column":13}},"20":{"start":{"line":21,"column":0},"end":{"line":21,"column":32}},"21":{"start":{"line":22,"column":0},"end":{"line":22,"column":51}},"22":{"start":{"line":23,"column":0},"end":{"line":23,"column":14}},"23":{"start":{"line":24,"column":0},"end":{"line":24,"column":13}},"24":{"start":{"line":25,"column":0},"end":{"line":25,"column":37}},"25":{"start":{"line":26,"column":0},"end":{"line":26,"column":65}},"26":{"start":{"line":27,"column":0},"end":{"line":27,"column":57}},"27":{"start":{"line":28,"column":0},"end":{"line":28,"column":13}},"28":{"start":{"line":29,"column":0},"end":{"line":29,"column":13}},"29":{"start":{"line":30,"column":0},"end":{"line":30,"column":36}},"30":{"start":{"line":31,"column":0},"end":{"line":31,"column":64}},"31":{"start":{"line":32,"column":0},"end":{"line":32,"column":56}},"32":{"start":{"line":33,"column":0},"end":{"line":33,"column":13}},"33":{"start":{"line":34,"column":0},"end":{"line":34,"column":13}},"34":{"start":{"line":35,"column":0},"end":{"line":35,"column":35}},"35":{"start":{"line":36,"column":0},"end":{"line":36,"column":58}},"36":{"start":{"line":37,"column":0},"end":{"line":37,"column":139}},"37":{"start":{"line":38,"column":0},"end":{"line":38,"column":20}},"38":{"start":{"line":39,"column":0},"end":{"line":39,"column":13}},"39":{"start":{"line":40,"column":0},"end":{"line":40,"column":44}},"40":{"start":{"line":41,"column":0},"end":{"line":41,"column":13}},"41":{"start":{"line":42,"column":0},"end":{"line":42,"column":51}},"42":{"start":{"line":43,"column":0},"end":{"line":43,"column":61}},"43":{"start":{"line":44,"column":0},"end":{"line":44,"column":35}},"44":{"start":{"line":45,"column":0},"end":{"line":45,"column":28}},"45":{"start":{"line":46,"column":0},"end":{"line":46,"column":3}},"49":{"start":{"line":50,"column":0},"end":{"line":50,"column":21}},"50":{"start":{"line":51,"column":0},"end":{"line":51,"column":42}},"51":{"start":{"line":52,"column":0},"end":{"line":52,"column":43}},"52":{"start":{"line":53,"column":0},"end":{"line":53,"column":2}},"54":{"start":{"line":55,"column":0},"end":{"line":55,"column":35}},"55":{"start":{"line":56,"column":0},"end":{"line":56,"column":58}},"56":{"start":{"line":57,"column":0},"end":{"line":57,"column":72}},"57":{"start":{"line":58,"column":0},"end":{"line":58,"column":74}},"58":{"start":{"line":59,"column":0},"end":{"line":59,"column":65}},"59":{"start":{"line":60,"column":0},"end":{"line":60,"column":33}},"61":{"start":{"line":62,"column":0},"end":{"line":62,"column":9}},"62":{"start":{"line":63,"column":0},"end":{"line":63,"column":13}},"63":{"start":{"line":64,"column":0},"end":{"line":64,"column":17}},"64":{"start":{"line":65,"column":0},"end":{"line":65,"column":26}},"65":{"start":{"line":66,"column":0},"end":{"line":66,"column":13}},"66":{"start":{"line":67,"column":0},"end":{"line":67,"column":9}},"67":{"start":{"line":68,"column":0},"end":{"line":68,"column":33}},"68":{"start":{"line":69,"column":0},"end":{"line":69,"column":42}},"69":{"start":{"line":70,"column":0},"end":{"line":70,"column":21}},"70":{"start":{"line":71,"column":0},"end":{"line":71,"column":20}},"71":{"start":{"line":72,"column":0},"end":{"line":72,"column":17}},"72":{"start":{"line":73,"column":0},"end":{"line":73,"column":16}},"73":{"start":{"line":74,"column":0},"end":{"line":74,"column":20}},"74":{"start":{"line":75,"column":0},"end":{"line":75,"column":19}},"75":{"start":{"line":76,"column":0},"end":{"line":76,"column":19}},"76":{"start":{"line":77,"column":0},"end":{"line":77,"column":26}},"77":{"start":{"line":78,"column":0},"end":{"line":78,"column":29}},"78":{"start":{"line":79,"column":0},"end":{"line":79,"column":5}},"79":{"start":{"line":80,"column":0},"end":{"line":80,"column":5}},"81":{"start":{"line":82,"column":0},"end":{"line":82,"column":37}},"83":{"start":{"line":84,"column":0},"end":{"line":84,"column":54}},"84":{"start":{"line":85,"column":0},"end":{"line":85,"column":9}},"85":{"start":{"line":86,"column":0},"end":{"line":86,"column":29}},"86":{"start":{"line":87,"column":0},"end":{"line":87,"column":48}},"87":{"start":{"line":88,"column":0},"end":{"line":88,"column":28}},"88":{"start":{"line":89,"column":0},"end":{"line":89,"column":26}},"89":{"start":{"line":90,"column":0},"end":{"line":90,"column":34}},"90":{"start":{"line":91,"column":0},"end":{"line":91,"column":32}},"91":{"start":{"line":92,"column":0},"end":{"line":92,"column":32}},"92":{"start":{"line":93,"column":0},"end":{"line":93,"column":31}},"93":{"start":{"line":94,"column":0},"end":{"line":94,"column":8}},"95":{"start":{"line":96,"column":0},"end":{"line":96,"column":42}},"96":{"start":{"line":97,"column":0},"end":{"line":97,"column":39}},"97":{"start":{"line":98,"column":0},"end":{"line":98,"column":21}},"98":{"start":{"line":99,"column":0},"end":{"line":99,"column":35}},"99":{"start":{"line":100,"column":0},"end":{"line":100,"column":52}},"100":{"start":{"line":101,"column":0},"end":{"line":101,"column":71}},"101":{"start":{"line":102,"column":0},"end":{"line":102,"column":74}},"102":{"start":{"line":103,"column":0},"end":{"line":103,"column":77}},"103":{"start":{"line":104,"column":0},"end":{"line":104,"column":77}},"104":{"start":{"line":105,"column":0},"end":{"line":105,"column":52}},"105":{"start":{"line":106,"column":0},"end":{"line":106,"column":68}},"106":{"start":{"line":107,"column":0},"end":{"line":107,"column":16}},"107":{"start":{"line":108,"column":0},"end":{"line":108,"column":86}},"108":{"start":{"line":109,"column":0},"end":{"line":109,"column":9}},"109":{"start":{"line":110,"column":0},"end":{"line":110,"column":14}},"110":{"start":{"line":111,"column":0},"end":{"line":111,"column":57}},"111":{"start":{"line":112,"column":0},"end":{"line":112,"column":7}},"112":{"start":{"line":113,"column":0},"end":{"line":113,"column":5}},"113":{"start":{"line":114,"column":0},"end":{"line":114,"column":4}},"115":{"start":{"line":116,"column":0},"end":{"line":116,"column":10}},"116":{"start":{"line":117,"column":0},"end":{"line":117,"column":122}},"117":{"start":{"line":118,"column":0},"end":{"line":118,"column":49}},"118":{"start":{"line":119,"column":0},"end":{"line":119,"column":37}},"119":{"start":{"line":120,"column":0},"end":{"line":120,"column":90}},"121":{"start":{"line":122,"column":0},"end":{"line":122,"column":15}},"122":{"start":{"line":123,"column":0},"end":{"line":123,"column":14}},"124":{"start":{"line":125,"column":0},"end":{"line":125,"column":14}},"125":{"start":{"line":126,"column":0},"end":{"line":126,"column":22}},"126":{"start":{"line":127,"column":0},"end":{"line":127,"column":43}},"127":{"start":{"line":128,"column":0},"end":{"line":128,"column":23}},"128":{"start":{"line":129,"column":0},"end":{"line":129,"column":23}},"129":{"start":{"line":130,"column":0},"end":{"line":130,"column":74}},"130":{"start":{"line":131,"column":0},"end":{"line":131,"column":69}},"131":{"start":{"line":132,"column":0},"end":{"line":132,"column":22}},"132":{"start":{"line":133,"column":0},"end":{"line":133,"column":36}},"133":{"start":{"line":134,"column":0},"end":{"line":134,"column":29}},"134":{"start":{"line":135,"column":0},"end":{"line":135,"column":43}},"135":{"start":{"line":136,"column":0},"end":{"line":136,"column":53}},"136":{"start":{"line":137,"column":0},"end":{"line":137,"column":51}},"137":{"start":{"line":138,"column":0},"end":{"line":138,"column":45}},"138":{"start":{"line":139,"column":0},"end":{"line":139,"column":44}},"139":{"start":{"line":140,"column":0},"end":{"line":140,"column":18}},"141":{"start":{"line":142,"column":0},"end":{"line":142,"column":22}},"142":{"start":{"line":143,"column":0},"end":{"line":143,"column":35}},"143":{"start":{"line":144,"column":0},"end":{"line":144,"column":29}},"144":{"start":{"line":145,"column":0},"end":{"line":145,"column":44}},"145":{"start":{"line":146,"column":0},"end":{"line":146,"column":52}},"146":{"start":{"line":147,"column":0},"end":{"line":147,"column":50}},"147":{"start":{"line":148,"column":0},"end":{"line":148,"column":45}},"148":{"start":{"line":149,"column":0},"end":{"line":149,"column":43}},"149":{"start":{"line":150,"column":0},"end":{"line":150,"column":18}},"150":{"start":{"line":151,"column":0},"end":{"line":151,"column":20}},"152":{"start":{"line":153,"column":0},"end":{"line":153,"column":20}},"153":{"start":{"line":154,"column":0},"end":{"line":154,"column":30}},"154":{"start":{"line":155,"column":0},"end":{"line":155,"column":27}},"155":{"start":{"line":156,"column":0},"end":{"line":156,"column":39}},"156":{"start":{"line":157,"column":0},"end":{"line":157,"column":64}},"157":{"start":{"line":158,"column":0},"end":{"line":158,"column":46}},"158":{"start":{"line":159,"column":0},"end":{"line":159,"column":43}},"159":{"start":{"line":160,"column":0},"end":{"line":160,"column":39}},"160":{"start":{"line":161,"column":0},"end":{"line":161,"column":16}},"162":{"start":{"line":163,"column":0},"end":{"line":163,"column":20}},"163":{"start":{"line":164,"column":0},"end":{"line":164,"column":29}},"164":{"start":{"line":165,"column":0},"end":{"line":165,"column":28}},"165":{"start":{"line":166,"column":0},"end":{"line":166,"column":36}},"166":{"start":{"line":167,"column":0},"end":{"line":167,"column":54}},"167":{"start":{"line":168,"column":0},"end":{"line":168,"column":45}},"168":{"start":{"line":169,"column":0},"end":{"line":169,"column":43}},"169":{"start":{"line":170,"column":0},"end":{"line":170,"column":38}},"170":{"start":{"line":171,"column":0},"end":{"line":171,"column":16}},"172":{"start":{"line":173,"column":0},"end":{"line":173,"column":21}},"173":{"start":{"line":174,"column":0},"end":{"line":174,"column":28}},"174":{"start":{"line":175,"column":0},"end":{"line":175,"column":37}},"175":{"start":{"line":176,"column":0},"end":{"line":176,"column":48}},"176":{"start":{"line":177,"column":0},"end":{"line":177,"column":43}},"177":{"start":{"line":178,"column":0},"end":{"line":178,"column":41}},"178":{"start":{"line":179,"column":0},"end":{"line":179,"column":16}},"180":{"start":{"line":181,"column":0},"end":{"line":181,"column":40}},"181":{"start":{"line":182,"column":0},"end":{"line":182,"column":22}},"182":{"start":{"line":183,"column":0},"end":{"line":183,"column":34}},"183":{"start":{"line":184,"column":0},"end":{"line":184,"column":59}},"184":{"start":{"line":185,"column":0},"end":{"line":185,"column":45}},"185":{"start":{"line":186,"column":0},"end":{"line":186,"column":70}},"186":{"start":{"line":187,"column":0},"end":{"line":187,"column":50}},"187":{"start":{"line":188,"column":0},"end":{"line":188,"column":45}},"188":{"start":{"line":189,"column":0},"end":{"line":189,"column":43}},"189":{"start":{"line":190,"column":0},"end":{"line":190,"column":35}},"190":{"start":{"line":191,"column":0},"end":{"line":191,"column":18}},"191":{"start":{"line":192,"column":0},"end":{"line":192,"column":23}},"192":{"start":{"line":193,"column":0},"end":{"line":193,"column":31}},"193":{"start":{"line":194,"column":0},"end":{"line":194,"column":135}},"194":{"start":{"line":195,"column":0},"end":{"line":195,"column":64}},"195":{"start":{"line":196,"column":0},"end":{"line":196,"column":45}},"197":{"start":{"line":198,"column":0},"end":{"line":198,"column":35}},"198":{"start":{"line":199,"column":0},"end":{"line":199,"column":50}},"200":{"start":{"line":201,"column":0},"end":{"line":201,"column":47}},"202":{"start":{"line":203,"column":0},"end":{"line":203,"column":25}},"203":{"start":{"line":204,"column":0},"end":{"line":204,"column":20}},"205":{"start":{"line":206,"column":0},"end":{"line":206,"column":40}},"206":{"start":{"line":207,"column":0},"end":{"line":207,"column":22}},"207":{"start":{"line":208,"column":0},"end":{"line":208,"column":42}},"208":{"start":{"line":209,"column":0},"end":{"line":209,"column":66}},"209":{"start":{"line":210,"column":0},"end":{"line":210,"column":45}},"210":{"start":{"line":211,"column":0},"end":{"line":211,"column":53}},"211":{"start":{"line":212,"column":0},"end":{"line":212,"column":57}},"212":{"start":{"line":213,"column":0},"end":{"line":213,"column":45}},"213":{"start":{"line":214,"column":0},"end":{"line":214,"column":50}},"214":{"start":{"line":215,"column":0},"end":{"line":215,"column":35}},"215":{"start":{"line":216,"column":0},"end":{"line":216,"column":18}},"216":{"start":{"line":217,"column":0},"end":{"line":217,"column":23}},"217":{"start":{"line":218,"column":0},"end":{"line":218,"column":31}},"218":{"start":{"line":219,"column":0},"end":{"line":219,"column":135}},"219":{"start":{"line":220,"column":0},"end":{"line":220,"column":78}},"220":{"start":{"line":221,"column":0},"end":{"line":221,"column":45}},"222":{"start":{"line":223,"column":0},"end":{"line":223,"column":42}},"223":{"start":{"line":224,"column":0},"end":{"line":224,"column":50}},"225":{"start":{"line":226,"column":0},"end":{"line":226,"column":47}},"227":{"start":{"line":228,"column":0},"end":{"line":228,"column":25}},"228":{"start":{"line":229,"column":0},"end":{"line":229,"column":20}},"231":{"start":{"line":232,"column":0},"end":{"line":232,"column":28}},"232":{"start":{"line":233,"column":0},"end":{"line":233,"column":65}},"233":{"start":{"line":234,"column":0},"end":{"line":234,"column":142}},"234":{"start":{"line":235,"column":0},"end":{"line":235,"column":57}},"235":{"start":{"line":236,"column":0},"end":{"line":236,"column":24}},"236":{"start":{"line":237,"column":0},"end":{"line":237,"column":144}},"237":{"start":{"line":238,"column":0},"end":{"line":238,"column":60}},"238":{"start":{"line":239,"column":0},"end":{"line":239,"column":24}},"239":{"start":{"line":240,"column":0},"end":{"line":240,"column":144}},"240":{"start":{"line":241,"column":0},"end":{"line":241,"column":60}},"241":{"start":{"line":242,"column":0},"end":{"line":242,"column":24}},"242":{"start":{"line":243,"column":0},"end":{"line":243,"column":141}},"243":{"start":{"line":244,"column":0},"end":{"line":244,"column":57}},"244":{"start":{"line":245,"column":0},"end":{"line":245,"column":24}},"245":{"start":{"line":246,"column":0},"end":{"line":246,"column":22}},"248":{"start":{"line":249,"column":0},"end":{"line":249,"column":50}},"249":{"start":{"line":250,"column":0},"end":{"line":250,"column":77}},"250":{"start":{"line":251,"column":0},"end":{"line":251,"column":74}},"251":{"start":{"line":252,"column":0},"end":{"line":252,"column":59}},"252":{"start":{"line":253,"column":0},"end":{"line":253,"column":24}},"253":{"start":{"line":254,"column":0},"end":{"line":254,"column":22}},"256":{"start":{"line":257,"column":0},"end":{"line":257,"column":21}},"257":{"start":{"line":258,"column":0},"end":{"line":258,"column":29}},"258":{"start":{"line":259,"column":0},"end":{"line":259,"column":34}},"259":{"start":{"line":260,"column":0},"end":{"line":260,"column":44}},"260":{"start":{"line":261,"column":0},"end":{"line":261,"column":43}},"262":{"start":{"line":263,"column":0},"end":{"line":263,"column":77}},"263":{"start":{"line":264,"column":0},"end":{"line":264,"column":23}},"264":{"start":{"line":265,"column":0},"end":{"line":265,"column":19}},"265":{"start":{"line":266,"column":0},"end":{"line":266,"column":24}},"266":{"start":{"line":267,"column":0},"end":{"line":267,"column":15}},"267":{"start":{"line":268,"column":0},"end":{"line":268,"column":12}},"268":{"start":{"line":269,"column":0},"end":{"line":269,"column":10}},"270":{"start":{"line":271,"column":0},"end":{"line":271,"column":2}}},"s":{"0":1,"11":1,"12":1,"13":1,"14":1,"15":1,"16":1,"17":1,"18":1,"19":1,"20":1,"21":1,"22":1,"23":1,"24":1,"25":1,"26":1,"27":1,"28":1,"29":1,"30":1,"31":1,"32":1,"33":1,"34":1,"35":1,"36":1,"37":1,"38":1,"39":1,"40":1,"41":1,"42":1,"43":1,"44":1,"45":1,"49":1,"50":1,"51":1,"52":1,"54":1,"55":182,"56":182,"57":182,"58":182,"59":182,"61":182,"62":182,"63":182,"64":182,"65":182,"66":182,"67":182,"68":182,"69":182,"70":182,"71":182,"72":182,"73":182,"74":182,"75":182,"76":182,"77":182,"78":182,"79":182,"81":182,"83":182,"84":5,"85":5,"86":5,"87":5,"88":5,"89":5,"90":5,"91":5,"92":5,"93":5,"95":5,"96":1,"97":5,"98":4,"99":3,"100":3,"101":1,"102":3,"103":1,"104":1,"105":1,"106":1,"107":0,"108":0,"109":4,"110":1,"111":1,"112":4,"113":5,"115":182,"116":182,"117":182,"118":182,"119":182,"121":182,"122":182,"124":182,"125":182,"126":182,"127":182,"128":182,"129":182,"130":182,"131":182,"132":182,"133":182,"134":182,"135":182,"136":182,"137":182,"138":182,"139":182,"141":182,"142":182,"143":182,"144":182,"145":182,"146":182,"147":182,"148":182,"149":182,"150":182,"152":182,"153":182,"154":182,"155":182,"156":182,"157":182,"158":182,"159":182,"160":182,"162":182,"163":182,"164":182,"165":182,"166":182,"167":182,"168":182,"169":182,"170":182,"172":182,"173":182,"174":182,"175":182,"176":182,"177":182,"178":182,"180":182,"181":182,"182":182,"183":182,"184":182,"185":182,"186":182,"187":182,"188":182,"189":182,"190":182,"191":182,"192":182,"193":182,"194":182,"195":182,"197":182,"198":2,"200":180,"202":182,"203":182,"205":182,"206":182,"207":182,"208":182,"209":182,"210":182,"211":182,"212":182,"213":182,"214":182,"215":182,"216":182,"217":182,"218":182,"219":182,"220":182,"222":182,"223":1,"225":181,"227":182,"228":182,"231":182,"232":127,"233":127,"234":127,"235":127,"236":127,"237":127,"238":127,"239":127,"240":127,"241":127,"242":127,"243":127,"244":127,"245":127,"248":182,"249":2,"250":2,"251":2,"252":2,"253":2,"256":182,"257":182,"258":182,"259":182,"260":182,"262":182,"263":182,"264":182,"265":182,"266":182,"267":182,"268":182,"270":182},"branchMap":{"0":{"type":"branch","line":43,"loc":{"start":{"line":43,"column":10},"end":{"line":43,"column":60}},"locations":[{"start":{"line":43,"column":10},"end":{"line":43,"column":60}}]},"1":{"type":"branch","line":55,"loc":{"start":{"line":55,"column":28},"end":{"line":271,"column":2}},"locations":[{"start":{"line":55,"column":28},"end":{"line":271,"column":2}}]},"2":{"type":"branch","line":137,"loc":{"start":{"line":137,"column":32},"end":{"line":137,"column":51}},"locations":[{"start":{"line":137,"column":32},"end":{"line":137,"column":51}}]},"3":{"type":"branch","line":147,"loc":{"start":{"line":147,"column":32},"end":{"line":147,"column":50}},"locations":[{"start":{"line":147,"column":32},"end":{"line":147,"column":50}}]},"4":{"type":"branch","line":158,"loc":{"start":{"line":158,"column":30},"end":{"line":158,"column":46}},"locations":[{"start":{"line":158,"column":30},"end":{"line":158,"column":46}}]},"5":{"type":"branch","line":168,"loc":{"start":{"line":168,"column":30},"end":{"line":168,"column":45}},"locations":[{"start":{"line":168,"column":30},"end":{"line":168,"column":45}}]},"6":{"type":"branch","line":176,"loc":{"start":{"line":176,"column":30},"end":{"line":176,"column":48}},"locations":[{"start":{"line":176,"column":30},"end":{"line":176,"column":48}}]},"7":{"type":"branch","line":184,"loc":{"start":{"line":184,"column":24},"end":{"line":184,"column":48}},"locations":[{"start":{"line":184,"column":24},"end":{"line":184,"column":48}}]},"8":{"type":"branch","line":184,"loc":{"start":{"line":184,"column":39},"end":{"line":184,"column":59}},"locations":[{"start":{"line":184,"column":39},"end":{"line":184,"column":59}}]},"9":{"type":"branch","line":187,"loc":{"start":{"line":187,"column":32},"end":{"line":187,"column":50}},"locations":[{"start":{"line":187,"column":32},"end":{"line":187,"column":50}}]},"10":{"type":"branch","line":198,"loc":{"start":{"line":198,"column":19},"end":{"line":199,"column":50}},"locations":[{"start":{"line":198,"column":19},"end":{"line":199,"column":50}}]},"11":{"type":"branch","line":199,"loc":{"start":{"line":199,"column":48},"end":{"line":201,"column":47}},"locations":[{"start":{"line":199,"column":48},"end":{"line":201,"column":47}}]},"12":{"type":"branch","line":209,"loc":{"start":{"line":209,"column":24},"end":{"line":209,"column":55}},"locations":[{"start":{"line":209,"column":24},"end":{"line":209,"column":55}}]},"13":{"type":"branch","line":209,"loc":{"start":{"line":209,"column":46},"end":{"line":209,"column":66}},"locations":[{"start":{"line":209,"column":46},"end":{"line":209,"column":66}}]},"14":{"type":"branch","line":212,"loc":{"start":{"line":212,"column":32},"end":{"line":212,"column":57}},"locations":[{"start":{"line":212,"column":32},"end":{"line":212,"column":57}}]},"15":{"type":"branch","line":223,"loc":{"start":{"line":223,"column":19},"end":{"line":224,"column":50}},"locations":[{"start":{"line":223,"column":19},"end":{"line":224,"column":50}}]},"16":{"type":"branch","line":224,"loc":{"start":{"line":224,"column":48},"end":{"line":226,"column":47}},"locations":[{"start":{"line":224,"column":48},"end":{"line":226,"column":47}}]},"17":{"type":"branch","line":232,"loc":{"start":{"line":232,"column":15},"end":{"line":246,"column":22}},"locations":[{"start":{"line":232,"column":15},"end":{"line":246,"column":22}}]},"18":{"type":"branch","line":234,"loc":{"start":{"line":234,"column":80},"end":{"line":234,"column":123}},"locations":[{"start":{"line":234,"column":80},"end":{"line":234,"column":123}}]},"19":{"type":"branch","line":234,"loc":{"start":{"line":234,"column":84},"end":{"line":234,"column":138}},"locations":[{"start":{"line":234,"column":84},"end":{"line":234,"column":138}}]},"20":{"type":"branch","line":235,"loc":{"start":{"line":235,"column":40},"end":{"line":235,"column":50}},"locations":[{"start":{"line":235,"column":40},"end":{"line":235,"column":50}}]},"21":{"type":"branch","line":235,"loc":{"start":{"line":235,"column":44},"end":{"line":235,"column":54}},"locations":[{"start":{"line":235,"column":44},"end":{"line":235,"column":54}}]},"22":{"type":"branch","line":237,"loc":{"start":{"line":237,"column":82},"end":{"line":237,"column":125}},"locations":[{"start":{"line":237,"column":82},"end":{"line":237,"column":125}}]},"23":{"type":"branch","line":237,"loc":{"start":{"line":237,"column":86},"end":{"line":237,"column":140}},"locations":[{"start":{"line":237,"column":86},"end":{"line":237,"column":140}}]},"24":{"type":"branch","line":238,"loc":{"start":{"line":238,"column":42},"end":{"line":238,"column":52}},"locations":[{"start":{"line":238,"column":42},"end":{"line":238,"column":52}}]},"25":{"type":"branch","line":238,"loc":{"start":{"line":238,"column":46},"end":{"line":238,"column":56}},"locations":[{"start":{"line":238,"column":46},"end":{"line":238,"column":56}}]},"26":{"type":"branch","line":240,"loc":{"start":{"line":240,"column":82},"end":{"line":240,"column":125}},"locations":[{"start":{"line":240,"column":82},"end":{"line":240,"column":125}}]},"27":{"type":"branch","line":240,"loc":{"start":{"line":240,"column":86},"end":{"line":240,"column":140}},"locations":[{"start":{"line":240,"column":86},"end":{"line":240,"column":140}}]},"28":{"type":"branch","line":241,"loc":{"start":{"line":241,"column":42},"end":{"line":241,"column":52}},"locations":[{"start":{"line":241,"column":42},"end":{"line":241,"column":52}}]},"29":{"type":"branch","line":241,"loc":{"start":{"line":241,"column":46},"end":{"line":241,"column":56}},"locations":[{"start":{"line":241,"column":46},"end":{"line":241,"column":56}}]},"30":{"type":"branch","line":243,"loc":{"start":{"line":243,"column":79},"end":{"line":243,"column":122}},"locations":[{"start":{"line":243,"column":79},"end":{"line":243,"column":122}}]},"31":{"type":"branch","line":243,"loc":{"start":{"line":243,"column":83},"end":{"line":243,"column":137}},"locations":[{"start":{"line":243,"column":83},"end":{"line":243,"column":137}}]},"32":{"type":"branch","line":244,"loc":{"start":{"line":244,"column":39},"end":{"line":244,"column":49}},"locations":[{"start":{"line":244,"column":39},"end":{"line":244,"column":49}}]},"33":{"type":"branch","line":244,"loc":{"start":{"line":244,"column":43},"end":{"line":244,"column":53}},"locations":[{"start":{"line":244,"column":43},"end":{"line":244,"column":53}}]},"34":{"type":"branch","line":249,"loc":{"start":{"line":249,"column":31},"end":{"line":254,"column":22}},"locations":[{"start":{"line":249,"column":31},"end":{"line":254,"column":22}}]},"35":{"type":"branch","line":252,"loc":{"start":{"line":252,"column":21},"end":{"line":252,"column":59}},"locations":[{"start":{"line":252,"column":21},"end":{"line":252,"column":59}}]},"36":{"type":"branch","line":263,"loc":{"start":{"line":263,"column":17},"end":{"line":263,"column":60}},"locations":[{"start":{"line":263,"column":17},"end":{"line":263,"column":60}}]},"37":{"type":"branch","line":263,"loc":{"start":{"line":263,"column":36},"end":{"line":263,"column":77}},"locations":[{"start":{"line":263,"column":36},"end":{"line":263,"column":77}}]},"38":{"type":"branch","line":84,"loc":{"start":{"line":84,"column":19},"end":{"line":114,"column":4}},"locations":[{"start":{"line":84,"column":19},"end":{"line":114,"column":4}}]},"39":{"type":"branch","line":96,"loc":{"start":{"line":96,"column":40},"end":{"line":98,"column":13}},"locations":[{"start":{"line":96,"column":40},"end":{"line":98,"column":13}}]},"40":{"type":"branch","line":98,"loc":{"start":{"line":98,"column":4},"end":{"line":113,"column":5}},"locations":[{"start":{"line":98,"column":4},"end":{"line":113,"column":5}}]},"41":{"type":"branch","line":99,"loc":{"start":{"line":99,"column":34},"end":{"line":110,"column":13}},"locations":[{"start":{"line":99,"column":34},"end":{"line":110,"column":13}}]},"42":{"type":"branch","line":101,"loc":{"start":{"line":101,"column":37},"end":{"line":101,"column":70}},"locations":[{"start":{"line":101,"column":37},"end":{"line":101,"column":70}}]},"43":{"type":"branch","line":101,"loc":{"start":{"line":101,"column":70},"end":{"line":103,"column":19}},"locations":[{"start":{"line":101,"column":70},"end":{"line":103,"column":19}}]},"44":{"type":"branch","line":103,"loc":{"start":{"line":103,"column":8},"end":{"line":109,"column":9}},"locations":[{"start":{"line":103,"column":8},"end":{"line":109,"column":9}}]},"45":{"type":"branch","line":103,"loc":{"start":{"line":103,"column":43},"end":{"line":103,"column":76}},"locations":[{"start":{"line":103,"column":43},"end":{"line":103,"column":76}}]},"46":{"type":"branch","line":103,"loc":{"start":{"line":103,"column":76},"end":{"line":109,"column":9}},"locations":[{"start":{"line":103,"column":76},"end":{"line":109,"column":9}}]},"47":{"type":"branch","line":107,"loc":{"start":{"line":107,"column":8},"end":{"line":109,"column":9}},"locations":[{"start":{"line":107,"column":8},"end":{"line":109,"column":9}}]},"48":{"type":"branch","line":110,"loc":{"start":{"line":110,"column":6},"end":{"line":112,"column":7}},"locations":[{"start":{"line":110,"column":6},"end":{"line":112,"column":7}}]},"49":{"type":"branch","line":195,"loc":{"start":{"line":195,"column":27},"end":{"line":195,"column":64}},"locations":[{"start":{"line":195,"column":27},"end":{"line":195,"column":64}}]},"50":{"type":"branch","line":220,"loc":{"start":{"line":220,"column":27},"end":{"line":220,"column":78}},"locations":[{"start":{"line":220,"column":27},"end":{"line":220,"column":78}}]}},"b":{"0":[335],"1":[182],"2":[6],"3":[5],"4":[10],"5":[11],"6":[0],"7":[2],"8":[180],"9":[82],"10":[2],"11":[180],"12":[1],"13":[181],"14":[10],"15":[1],"16":[181],"17":[127],"18":[63],"19":[64],"20":[63],"21":[64],"22":[113],"23":[14],"24":[113],"25":[14],"26":[116],"27":[11],"28":[116],"29":[11],"30":[46],"31":[81],"32":[46],"33":[81],"34":[2],"35":[0],"36":[2],"37":[180],"38":[5],"39":[1],"40":[4],"41":[3],"42":[1],"43":[1],"44":[2],"45":[1],"46":[1],"47":[0],"48":[1],"49":[1],"50":[1]},"fnMap":{"0":{"name":"__vite_ssr_import_4__.z.object.refine.message","decl":{"start":{"line":43,"column":10},"end":{"line":43,"column":60}},"loc":{"start":{"line":43,"column":10},"end":{"line":43,"column":60}},"line":43},"1":{"name":"RegisterForm","decl":{"start":{"line":55,"column":28},"end":{"line":271,"column":2}},"loc":{"start":{"line":55,"column":28},"end":{"line":271,"column":2}},"line":55},"2":{"name":"onSubmit","decl":{"start":{"line":84,"column":19},"end":{"line":114,"column":4}},"loc":{"start":{"line":84,"column":19},"end":{"line":114,"column":4}},"line":84},"3":{"name":"onClick","decl":{"start":{"line":195,"column":27},"end":{"line":195,"column":64}},"loc":{"start":{"line":195,"column":27},"end":{"line":195,"column":64}},"line":195},"4":{"name":"onClick","decl":{"start":{"line":220,"column":27},"end":{"line":220,"column":78}},"loc":{"start":{"line":220,"column":27},"end":{"line":220,"column":78}},"line":220}},"f":{"0":335,"1":182,"2":5,"3":1,"4":1}}
,"/home/runner/work/online-judge/online-judge/frontend/src/components/auth/index.ts": {"path":"/home/runner/work/online-judge/online-judge/frontend/src/components/auth/index.ts","all":true,"statementMap":{"0":{"start":{"line":1,"column":0},"end":{"line":1,"column":28}},"1":{"start":{"line":2,"column":0},"end":{"line":2,"column":31}},"2":{"start":{"line":3,"column":0},"end":{"line":3,"column":33}}},"s":{"0":0,"1":0,"2":0},"branchMap":{"0":{"type":"branch","line":1,"loc":{"start":{"line":1,"column":0},"end":{"line":3,"column":-47}},"locations":[{"start":{"line":1,"column":0},"end":{"line":3,"column":-47}}]}},"b":{"0":[0]},"fnMap":{"0":{"name":"(empty-report)","decl":{"start":{"line":1,"column":0},"end":{"line":3,"column":-47}},"loc":{"start":{"line":1,"column":0},"end":{"line":3,"column":-47}},"line":1}},"f":{"0":0}}
,"/home/runner/work/online-judge/online-judge/frontend/src/components/layout/AuthLayout.tsx": {"path":"/home/runner/work/online-judge/online-judge/frontend/src/components/layout/AuthLayout.tsx","all":true,"statementMap":{"0":{"start":{"line":1,"column":0},"end":{"line":1,"column":34}},"6":{"start":{"line":7,"column":0},"end":{"line":7,"column":62}},"7":{"start":{"line":8,"column":0},"end":{"line":8,"column":10}},"8":{"start":{"line":9,"column":0},"end":{"line":9,"column":62}},"9":{"start":{"line":10,"column":0},"end":{"line":10,"column":16}},"10":{"start":{"line":11,"column":0},"end":{"line":11,"column":31}},"11":{"start":{"line":12,"column":0},"end":{"line":12,"column":18}},"12":{"start":{"line":13,"column":0},"end":{"line":13,"column":13}},"13":{"start":{"line":14,"column":0},"end":{"line":14,"column":10}},"15":{"start":{"line":16,"column":0},"end":{"line":16,"column":2}}},"s":{"0":0,"6":0,"7":0,"8":0,"9":0,"10":0,"11":0,"12":0,"13":0,"15":0},"branchMap":{"0":{"type":"branch","line":1,"loc":{"start":{"line":1,"column":0},"end":{"line":16,"column":-152}},"locations":[{"start":{"line":1,"column":0},"end":{"line":16,"column":-152}}]}},"b":{"0":[0]},"fnMap":{"0":{"name":"(empty-report)","decl":{"start":{"line":1,"column":0},"end":{"line":16,"column":-152}},"loc":{"start":{"line":1,"column":0},"end":{"line":16,"column":-152}},"line":1}},"f":{"0":0}}
,"/home/runner/work/online-judge/online-judge/frontend/src/components/layout/Layout.tsx": {"path":"/home/runner/work/online-judge/online-judge/frontend/src/components/layout/Layout.tsx","all":true,"statementMap":{"0":{"start":{"line":1,"column":0},"end":{"line":1,"column":42}},"3":{"start":{"line":4,"column":0},"end":{"line":4,"column":29}},"4":{"start":{"line":5,"column":0},"end":{"line":5,"column":10}},"5":{"start":{"line":6,"column":0},"end":{"line":6,"column":62}},"6":{"start":{"line":7,"column":0},"end":{"line":7,"column":16}},"7":{"start":{"line":8,"column":0},"end":{"line":8,"column":31}},"8":{"start":{"line":9,"column":0},"end":{"line":9,"column":18}},"9":{"start":{"line":10,"column":0},"end":{"line":10,"column":13}},"10":{"start":{"line":11,"column":0},"end":{"line":11,"column":10}},"12":{"start":{"line":13,"column":0},"end":{"line":13,"column":2}}},"s":{"0":0,"3":0,"4":0,"5":0,"6":0,"7":0,"8":0,"9":0,"10":0,"12":0},"branchMap":{"0":{"type":"branch","line":1,"loc":{"start":{"line":1,"column":283},"end":{"line":13,"column":2}},"locations":[{"start":{"line":1,"column":283},"end":{"line":13,"column":2}}]}},"b":{"0":[0]},"fnMap":{"0":{"name":"(empty-report)","decl":{"start":{"line":1,"column":283},"end":{"line":13,"column":2}},"loc":{"start":{"line":1,"column":283},"end":{"line":13,"column":2}},"line":1}},"f":{"0":0}}
,"/home/runner/work/online-judge/online-judge/frontend/src/components/layout/Navbar.tsx": {"path":"/home/runner/work/online-judge/online-judge/frontend/src/components/layout/Navbar.tsx","all":true,"statementMap":{"0":{"start":{"line":1,"column":0},"end":{"line":1,"column":33}},"24":{"start":{"line":25,"column":0},"end":{"line":25,"column":78}},"25":{"start":{"line":26,"column":0},"end":{"line":26,"column":33}},"26":{"start":{"line":27,"column":0},"end":{"line":27,"column":44}},"28":{"start":{"line":29,"column":0},"end":{"line":29,"column":28}},"29":{"start":{"line":30,"column":0},"end":{"line":30,"column":86}},"30":{"start":{"line":31,"column":0},"end":{"line":31,"column":92}},"32":{"start":{"line":33,"column":0},"end":{"line":33,"column":32}},"33":{"start":{"line":34,"column":0},"end":{"line":34,"column":116}},"34":{"start":{"line":35,"column":0},"end":{"line":35,"column":129}},"36":{"start":{"line":37,"column":0},"end":{"line":37,"column":10}},"37":{"start":{"line":38,"column":0},"end":{"line":38,"column":9}},"38":{"start":{"line":39,"column":0},"end":{"line":39,"column":13}},"39":{"start":{"line":40,"column":0},"end":{"line":40,"column":51}},"40":{"start":{"line":41,"column":0},"end":{"line":41,"column":23}},"42":{"start":{"line":43,"column":0},"end":{"line":43,"column":16}},"43":{"start":{"line":44,"column":0},"end":{"line":44,"column":11}},"45":{"start":{"line":46,"column":0},"end":{"line":46,"column":2}},"47":{"start":{"line":48,"column":0},"end":{"line":48,"column":29}},"48":{"start":{"line":49,"column":0},"end":{"line":49,"column":66}},"49":{"start":{"line":50,"column":0},"end":{"line":50,"column":62}},"50":{"start":{"line":51,"column":0},"end":{"line":51,"column":54}},"51":{"start":{"line":52,"column":0},"end":{"line":52,"column":44}},"53":{"start":{"line":54,"column":0},"end":{"line":54,"column":36}},"54":{"start":{"line":55,"column":0},"end":{"line":55,"column":19}},"55":{"start":{"line":56,"column":0},"end":{"line":56,"column":29}},"56":{"start":{"line":57,"column":0},"end":{"line":57,"column":31}},"57":{"start":{"line":58,"column":0},"end":{"line":58,"column":4}},"59":{"start":{"line":60,"column":0},"end":{"line":60,"column":33}},"60":{"start":{"line":61,"column":0},"end":{"line":61,"column":31}},"61":{"start":{"line":62,"column":0},"end":{"line":62,"column":4}},"63":{"start":{"line":64,"column":0},"end":{"line":64,"column":32}},"64":{"start":{"line":65,"column":0},"end":{"line":65,"column":39}},"65":{"start":{"line":66,"column":0},"end":{"line":66,"column":4}},"67":{"start":{"line":68,"column":0},"end":{"line":68,"column":10}},"68":{"start":{"line":69,"column":0},"end":{"line":69,"column":55}},"69":{"start":{"line":70,"column":0},"end":{"line":70,"column":62}},"70":{"start":{"line":71,"column":0},"end":{"line":71,"column":51}},"71":{"start":{"line":72,"column":0},"end":{"line":72,"column":55}},"72":{"start":{"line":73,"column":0},"end":{"line":73,"column":18}},"73":{"start":{"line":74,"column":0},"end":{"line":74,"column":21}},"74":{"start":{"line":75,"column":0},"end":{"line":75,"column":146}},"76":{"start":{"line":77,"column":0},"end":{"line":77,"column":43}},"77":{"start":{"line":78,"column":0},"end":{"line":78,"column":39}},"78":{"start":{"line":79,"column":0},"end":{"line":79,"column":19}},"80":{"start":{"line":81,"column":0},"end":{"line":81,"column":73}},"81":{"start":{"line":82,"column":0},"end":{"line":82,"column":38}},"82":{"start":{"line":83,"column":0},"end":{"line":83,"column":53}},"84":{"start":{"line":85,"column":0},"end":{"line":85,"column":24}},"85":{"start":{"line":86,"column":0},"end":{"line":86,"column":41}},"86":{"start":{"line":87,"column":0},"end":{"line":87,"column":54}},"88":{"start":{"line":89,"column":0},"end":{"line":89,"column":24}},"89":{"start":{"line":90,"column":0},"end":{"line":90,"column":18}},"90":{"start":{"line":91,"column":0},"end":{"line":91,"column":16}},"92":{"start":{"line":93,"column":0},"end":{"line":93,"column":71}},"93":{"start":{"line":94,"column":0},"end":{"line":94,"column":19}},"94":{"start":{"line":95,"column":0},"end":{"line":95,"column":29}},"95":{"start":{"line":96,"column":0},"end":{"line":96,"column":23}},"96":{"start":{"line":97,"column":0},"end":{"line":97,"column":35}},"97":{"start":{"line":98,"column":0},"end":{"line":98,"column":30}},"98":{"start":{"line":99,"column":0},"end":{"line":99,"column":92}},"99":{"start":{"line":100,"column":0},"end":{"line":100,"column":87}},"101":{"start":{"line":102,"column":0},"end":{"line":102,"column":35}},"102":{"start":{"line":103,"column":0},"end":{"line":103,"column":43}},"104":{"start":{"line":105,"column":0},"end":{"line":105,"column":44}},"106":{"start":{"line":107,"column":0},"end":{"line":107,"column":21}},"108":{"start":{"line":109,"column":0},"end":{"line":109,"column":32}},"109":{"start":{"line":110,"column":0},"end":{"line":110,"column":45}},"110":{"start":{"line":111,"column":0},"end":{"line":111,"column":23}},"111":{"start":{"line":112,"column":0},"end":{"line":112,"column":33}},"112":{"start":{"line":113,"column":0},"end":{"line":113,"column":27}},"113":{"start":{"line":114,"column":0},"end":{"line":114,"column":42}},"114":{"start":{"line":115,"column":0},"end":{"line":115,"column":57}},"115":{"start":{"line":116,"column":0},"end":{"line":116,"column":84}},"116":{"start":{"line":117,"column":0},"end":{"line":117,"column":48}},"117":{"start":{"line":118,"column":0},"end":{"line":118,"column":38}},"119":{"start":{"line":120,"column":0},"end":{"line":120,"column":46}},"120":{"start":{"line":121,"column":0},"end":{"line":121,"column":45}},"121":{"start":{"line":122,"column":0},"end":{"line":122,"column":25}},"123":{"start":{"line":124,"column":0},"end":{"line":124,"column":36}},"124":{"start":{"line":125,"column":0},"end":{"line":125,"column":20}},"125":{"start":{"line":126,"column":0},"end":{"line":126,"column":27}},"126":{"start":{"line":127,"column":0},"end":{"line":127,"column":35}},"127":{"start":{"line":128,"column":0},"end":{"line":128,"column":67}},"128":{"start":{"line":129,"column":0},"end":{"line":129,"column":62}},"129":{"start":{"line":130,"column":0},"end":{"line":130,"column":41}},"130":{"start":{"line":131,"column":0},"end":{"line":131,"column":49}},"131":{"start":{"line":132,"column":0},"end":{"line":132,"column":51}},"132":{"start":{"line":133,"column":0},"end":{"line":133,"column":25}},"133":{"start":{"line":134,"column":0},"end":{"line":134,"column":24}},"134":{"start":{"line":135,"column":0},"end":{"line":135,"column":50}},"135":{"start":{"line":136,"column":0},"end":{"line":136,"column":22}},"137":{"start":{"line":138,"column":0},"end":{"line":138,"column":173}},"138":{"start":{"line":139,"column":0},"end":{"line":139,"column":90}},"139":{"start":{"line":140,"column":0},"end":{"line":140,"column":118}},"140":{"start":{"line":141,"column":0},"end":{"line":141,"column":28}},"141":{"start":{"line":142,"column":0},"end":{"line":142,"column":77}},"143":{"start":{"line":144,"column":0},"end":{"line":144,"column":27}},"144":{"start":{"line":145,"column":0},"end":{"line":145,"column":37}},"145":{"start":{"line":146,"column":0},"end":{"line":146,"column":145}},"146":{"start":{"line":147,"column":0},"end":{"line":147,"column":64}},"148":{"start":{"line":149,"column":0},"end":{"line":149,"column":61}},"150":{"start":{"line":151,"column":0},"end":{"line":151,"column":29}},"152":{"start":{"line":153,"column":0},"end":{"line":153,"column":29}},"153":{"start":{"line":154,"column":0},"end":{"line":154,"column":46}},"154":{"start":{"line":155,"column":0},"end":{"line":155,"column":150}},"156":{"start":{"line":157,"column":0},"end":{"line":157,"column":59}},"158":{"start":{"line":159,"column":0},"end":{"line":159,"column":31}},"159":{"start":{"line":160,"column":0},"end":{"line":160,"column":26}},"160":{"start":{"line":161,"column":0},"end":{"line":161,"column":21}},"162":{"start":{"line":163,"column":0},"end":{"line":163,"column":20}},"164":{"start":{"line":165,"column":0},"end":{"line":165,"column":46}},"165":{"start":{"line":166,"column":0},"end":{"line":166,"column":39}},"166":{"start":{"line":167,"column":0},"end":{"line":167,"column":68}},"167":{"start":{"line":168,"column":0},"end":{"line":168,"column":23}},"168":{"start":{"line":169,"column":0},"end":{"line":169,"column":42}},"169":{"start":{"line":170,"column":0},"end":{"line":170,"column":52}},"170":{"start":{"line":171,"column":0},"end":{"line":171,"column":23}},"171":{"start":{"line":172,"column":0},"end":{"line":172,"column":20}},"173":{"start":{"line":174,"column":0},"end":{"line":174,"column":16}},"175":{"start":{"line":176,"column":0},"end":{"line":176,"column":65}},"176":{"start":{"line":177,"column":0},"end":{"line":177,"column":19}},"177":{"start":{"line":178,"column":0},"end":{"line":178,"column":29}},"178":{"start":{"line":179,"column":0},"end":{"line":179,"column":23}},"179":{"start":{"line":180,"column":0},"end":{"line":180,"column":35}},"180":{"start":{"line":181,"column":0},"end":{"line":181,"column":92}},"181":{"start":{"line":182,"column":0},"end":{"line":182,"column":87}},"183":{"start":{"line":184,"column":0},"end":{"line":184,"column":35}},"184":{"start":{"line":185,"column":0},"end":{"line":185,"column":43}},"186":{"start":{"line":187,"column":0},"end":{"line":187,"column":44}},"188":{"start":{"line":189,"column":0},"end":{"line":189,"column":21}},"190":{"start":{"line":191,"column":0},"end":{"line":191,"column":19}},"191":{"start":{"line":192,"column":0},"end":{"line":192,"column":29}},"192":{"start":{"line":193,"column":0},"end":{"line":193,"column":23}},"193":{"start":{"line":194,"column":0},"end":{"line":194,"column":68}},"194":{"start":{"line":195,"column":0},"end":{"line":195,"column":86}},"195":{"start":{"line":196,"column":0},"end":{"line":196,"column":46}},"197":{"start":{"line":198,"column":0},"end":{"line":198,"column":35}},"198":{"start":{"line":199,"column":0},"end":{"line":199,"column":41}},"200":{"start":{"line":201,"column":0},"end":{"line":201,"column":44}},"202":{"start":{"line":203,"column":0},"end":{"line":203,"column":21}},"203":{"start":{"line":204,"column":0},"end":{"line":204,"column":16}},"204":{"start":{"line":205,"column":0},"end":{"line":205,"column":14}},"205":{"start":{"line":206,"column":0},"end":{"line":206,"column":12}},"207":{"start":{"line":208,"column":0},"end":{"line":208,"column":28}},"208":{"start":{"line":209,"column":0},"end":{"line":209,"column":10}},"209":{"start":{"line":210,"column":0},"end":{"line":210,"column":17}},"210":{"start":{"line":211,"column":0},"end":{"line":211,"column":25}},"211":{"start":{"line":212,"column":0},"end":{"line":212,"column":90}},"212":{"start":{"line":213,"column":0},"end":{"line":213,"column":37}},"213":{"start":{"line":214,"column":0},"end":{"line":214,"column":31}},"214":{"start":{"line":215,"column":0},"end":{"line":215,"column":39}},"215":{"start":{"line":216,"column":0},"end":{"line":216,"column":34}},"216":{"start":{"line":217,"column":0},"end":{"line":217,"column":15}},"217":{"start":{"line":218,"column":0},"end":{"line":218,"column":14}},"218":{"start":{"line":219,"column":0},"end":{"line":219,"column":42}},"219":{"start":{"line":220,"column":0},"end":{"line":220,"column":12}},"221":{"start":{"line":222,"column":0},"end":{"line":222,"column":102}},"222":{"start":{"line":223,"column":0},"end":{"line":223,"column":54}},"223":{"start":{"line":224,"column":0},"end":{"line":224,"column":71}},"224":{"start":{"line":225,"column":0},"end":{"line":225,"column":53}},"226":{"start":{"line":227,"column":0},"end":{"line":227,"column":24}},"227":{"start":{"line":228,"column":0},"end":{"line":228,"column":74}},"228":{"start":{"line":229,"column":0},"end":{"line":229,"column":54}},"230":{"start":{"line":231,"column":0},"end":{"line
[...]
"column":0},"end":{"line":18,"column":15}},"18":{"start":{"line":19,"column":0},"end":{"line":19,"column":37}},"19":{"start":{"line":20,"column":0},"end":{"line":20,"column":16}},"20":{"start":{"line":21,"column":0},"end":{"line":21,"column":55}},"21":{"start":{"line":22,"column":0},"end":{"line":22,"column":5}},"22":{"start":{"line":23,"column":0},"end":{"line":23,"column":18}},"23":{"start":{"line":24,"column":0},"end":{"line":24,"column":4}},"24":{"start":{"line":25,"column":0},"end":{"line":25,"column":14}},"25":{"start":{"line":26,"column":0},"end":{"line":26,"column":55}},"26":{"start":{"line":27,"column":0},"end":{"line":27,"column":16}},"27":{"start":{"line":28,"column":0},"end":{"line":28,"column":3}},"28":{"start":{"line":29,"column":0},"end":{"line":29,"column":2}},"30":{"start":{"line":31,"column":0},"end":{"line":31,"column":36}},"31":{"start":{"line":32,"column":0},"end":{"line":32,"column":32}},"32":{"start":{"line":33,"column":0},"end":{"line":33,"column":20}},"33":{"start":{"line":34,"column":0},"end":{"line":34,"column":4}},"34":{"start":{"line":35,"column":0},"end":{"line":35,"column":14}},"35":{"start":{"line":36,"column":0},"end":{"line":36,"column":25}},"36":{"start":{"line":37,"column":0},"end":{"line":37,"column":59}},"38":{"start":{"line":39,"column":0},"end":{"line":39,"column":75}},"39":{"start":{"line":40,"column":0},"end":{"line":40,"column":74}},"41":{"start":{"line":42,"column":0},"end":{"line":42,"column":30}},"42":{"start":{"line":43,"column":0},"end":{"line":43,"column":32}},"43":{"start":{"line":44,"column":0},"end":{"line":44,"column":63}},"44":{"start":{"line":45,"column":0},"end":{"line":45,"column":47}},"45":{"start":{"line":46,"column":0},"end":{"line":46,"column":16}},"46":{"start":{"line":47,"column":0},"end":{"line":47,"column":34}},"47":{"start":{"line":48,"column":0},"end":{"line":48,"column":46}},"48":{"start":{"line":49,"column":0},"end":{"line":49,"column":11}},"49":{"start":{"line":50,"column":0},"end":{"line":50,"column":9}},"50":{"start":{"line":51,"column":0},"end":{"line":51,"column":20}},"51":{"start":{"line":52,"column":0},"end":{"line":52,"column":7}},"53":{"start":{"line":54,"column":0},"end":{"line":54,"column":42}},"54":{"start":{"line":55,"column":0},"end":{"line":55,"column":66}},"55":{"start":{"line":56,"column":0},"end":{"line":56,"column":20}},"56":{"start":{"line":57,"column":0},"end":{"line":57,"column":7}},"58":{"start":{"line":59,"column":0},"end":{"line":59,"column":63}},"59":{"start":{"line":60,"column":0},"end":{"line":60,"column":68}},"60":{"start":{"line":61,"column":0},"end":{"line":61,"column":29}},"61":{"start":{"line":62,"column":0},"end":{"line":62,"column":65}},"62":{"start":{"line":63,"column":0},"end":{"line":63,"column":55}},"63":{"start":{"line":64,"column":0},"end":{"line":64,"column":9}},"64":{"start":{"line":65,"column":0},"end":{"line":65,"column":20}},"65":{"start":{"line":66,"column":0},"end":{"line":66,"column":7}},"67":{"start":{"line":68,"column":0},"end":{"line":68,"column":41}},"68":{"start":{"line":69,"column":0},"end":{"line":69,"column":61}},"69":{"start":{"line":70,"column":0},"end":{"line":70,"column":20}},"70":{"start":{"line":71,"column":0},"end":{"line":71,"column":7}},"72":{"start":{"line":73,"column":0},"end":{"line":73,"column":66}},"73":{"start":{"line":74,"column":0},"end":{"line":74,"column":27}},"74":{"start":{"line":75,"column":0},"end":{"line":75,"column":62}},"75":{"start":{"line":76,"column":0},"end":{"line":76,"column":14}},"77":{"start":{"line":78,"column":0},"end":{"line":78,"column":32}},"78":{"start":{"line":79,"column":0},"end":{"line":79,"column":44}},"79":{"start":{"line":80,"column":0},"end":{"line":80,"column":9}},"80":{"start":{"line":81,"column":0},"end":{"line":81,"column":7}},"81":{"start":{"line":82,"column":0},"end":{"line":82,"column":31}},"82":{"start":{"line":83,"column":0},"end":{"line":83,"column":66}},"83":{"start":{"line":84,"column":0},"end":{"line":84,"column":12}},"84":{"start":{"line":85,"column":0},"end":{"line":85,"column":50}},"85":{"start":{"line":86,"column":0},"end":{"line":86,"column":5}},"87":{"start":{"line":88,"column":0},"end":{"line":88,"column":16}},"88":{"start":{"line":89,"column":0},"end":{"line":89,"column":3}},"89":{"start":{"line":90,"column":0},"end":{"line":90,"column":2}},"91":{"start":{"line":92,"column":0},"end":{"line":92,"column":25}}},"s":{"0":1,"6":1,"7":0,"8":1,"10":1,"11":1,"12":1,"13":1,"14":1,"16":1,"17":1,"18":0,"19":0,"20":0,"21":0,"22":0,"23":0,"24":1,"25":0,"26":0,"27":0,"28":1,"30":1,"31":1,"32":0,"33":0,"34":1,"35":0,"36":0,"38":0,"39":0,"41":0,"42":0,"43":0,"44":0,"45":0,"46":0,"47":0,"48":0,"49":0,"50":0,"51":0,"53":0,"54":0,"55":0,"56":0,"58":0,"59":0,"60":0,"61":0,"62":0,"63":0,"64":0,"65":0,"67":0,"68":0,"69":0,"70":0,"72":0,"73":0,"74":0,"75":0,"77":0,"78":0,"79":0,"80":0,"81":0,"82":0,"83":0,"84":0,"85":0,"87":0,"88":0,"89":1,"91":1},"branchMap":{"0":{"type":"branch","line":7,"loc":{"start":{"line":7,"column":37},"end":{"line":8,"column":39}},"locations":[{"start":{"line":7,"column":37},"end":{"line":8,"column":39}}]}},"b":{"0":[0]},"fnMap":{"0":{"name":"apiClient.interceptors.response.use.errorData","decl":{"start":{"line":32,"column":2},"end":{"line":34,"column":4}},"loc":{"start":{"line":32,"column":2},"end":{"line":34,"column":4}},"line":32}},"f":{"0":0}}
,"/home/runner/work/online-judge/online-judge/frontend/src/services/auth-service.ts": {"path":"/home/runner/work/online-judge/online-judge/frontend/src/services/auth-service.ts","all":false,"statementMap":{"0":{"start":{"line":1,"column":0},"end":{"line":1,"column":80}},"3":{"start":{"line":4,"column":0},"end":{"line":4,"column":28}},"4":{"start":{"line":5,"column":0},"end":{"line":5,"column":63}},"5":{"start":{"line":6,"column":0},"end":{"line":6,"column":84}},"6":{"start":{"line":7,"column":0},"end":{"line":7,"column":25}},"7":{"start":{"line":8,"column":0},"end":{"line":8,"column":4}},"9":{"start":{"line":10,"column":0},"end":{"line":10,"column":69}},"10":{"start":{"line":11,"column":0},"end":{"line":11,"column":87}},"11":{"start":{"line":12,"column":0},"end":{"line":12,"column":25}},"12":{"start":{"line":13,"column":0},"end":{"line":13,"column":4}},"14":{"start":{"line":15,"column":0},"end":{"line":15,"column":38}},"15":{"start":{"line":16,"column":0},"end":{"line":16,"column":48}},"16":{"start":{"line":17,"column":0},"end":{"line":17,"column":3}},"17":{"start":{"line":18,"column":0},"end":{"line":18,"column":2}}},"s":{"0":1,"3":1,"4":1,"5":2,"6":1,"7":2,"9":1,"10":2,"11":1,"12":2,"14":1,"15":2,"16":2,"17":1},"branchMap":{"0":{"type":"branch","line":5,"loc":{"start":{"line":5,"column":9},"end":{"line":8,"column":4}},"locations":[{"start":{"line":5,"column":9},"end":{"line":8,"column":4}}]},"1":{"type":"branch","line":6,"loc":{"start":{"line":6,"column":82},"end":{"line":7,"column":25}},"locations":[{"start":{"line":6,"column":82},"end":{"line":7,"column":25}}]},"2":{"type":"branch","line":10,"loc":{"start":{"line":10,"column":12},"end":{"line":13,"column":4}},"locations":[{"start":{"line":10,"column":12},"end":{"line":13,"column":4}}]},"3":{"type":"branch","line":11,"loc":{"start":{"line":11,"column":85},"end":{"line":12,"column":25}},"locations":[{"start":{"line":11,"column":85},"end":{"line":12,"column":25}}]},"4":{"type":"branch","line":15,"loc":{"start":{"line":15,"column":10},"end":{"line":17,"column":3}},"locations":[{"start":{"line":15,"column":10},"end":{"line":17,"column":3}}]},"5":{"type":"branch","line":16,"loc":{"start":{"line":16,"column":46},"end":{"line":16,"column":48}},"locations":[{"start":{"line":16,"column":46},"end":{"line":16,"column":48}}]}},"b":{"0":[2],"1":[1],"2":[2],"3":[1],"4":[2],"5":[1]},"fnMap":{"0":{"name":"login","decl":{"start":{"line":5,"column":9},"end":{"line":8,"column":4}},"loc":{"start":{"line":5,"column":9},"end":{"line":8,"column":4}},"line":5},"1":{"name":"register","decl":{"start":{"line":10,"column":12},"end":{"line":13,"column":4}},"loc":{"start":{"line":10,"column":12},"end":{"line":13,"column":4}},"line":10},"2":{"name":"logout","decl":{"start":{"line":15,"column":10},"end":{"line":17,"column":3}},"loc":{"start":{"line":15,"column":10},"end":{"line":17,"column":3}},"line":15}},"f":{"0":2,"1":2,"2":2}}
,"/home/runner/work/online-judge/online-judge/frontend/src/services/index.ts": {"path":"/home/runner/work/online-judge/online-judge/frontend/src/services/index.ts","all":false,"statementMap":{"0":{"start":{"line":1,"column":0},"end":{"line":1,"column":41}}},"s":{"0":1},"branchMap":{},"b":{},"fnMap":{},"f":{}}
,"/home/runner/work/online-judge/online-judge/frontend/src/services/problems-service.ts": {"path":"/home/runner/work/online-judge/online-judge/frontend/src/services/problems-service.ts","all":false,"statementMap":{"0":{"start":{"line":1,"column":0},"end":{"line":1,"column":14}},"7":{"start":{"line":8,"column":0},"end":{"line":8,"column":32}},"8":{"start":{"line":9,"column":0},"end":{"line":9,"column":81}},"9":{"start":{"line":10,"column":0},"end":{"line":10,"column":41}},"10":{"start":{"line":11,"column":0},"end":{"line":11,"column":51}},"12":{"start":{"line":13,"column":0},"end":{"line":13,"column":39}},"13":{"start":{"line":14,"column":0},"end":{"line":14,"column":90}},"14":{"start":{"line":15,"column":0},"end":{"line":15,"column":5}},"16":{"start":{"line":17,"column":0},"end":{"line":17,"column":31}},"17":{"start":{"line":18,"column":0},"end":{"line":18,"column":61}},"18":{"start":{"line":19,"column":0},"end":{"line":19,"column":5}},"20":{"start":{"line":21,"column":0},"end":{"line":21,"column":41}},"21":{"start":{"line":22,"column":0},"end":{"line":22,"column":86}},"22":{"start":{"line":23,"column":0},"end":{"line":23,"column":5}},"24":{"start":{"line":25,"column":0},"end":{"line":25,"column":98}},"25":{"start":{"line":26,"column":0},"end":{"line":26,"column":25}},"26":{"start":{"line":27,"column":0},"end":{"line":27,"column":4}},"28":{"start":{"line":29,"column":0},"end":{"line":29,"column":67}},"29":{"start":{"line":30,"column":0},"end":{"line":30,"column":91}},"30":{"start":{"line":31,"column":0},"end":{"line":31,"column":25}},"31":{"start":{"line":32,"column":0},"end":{"line":32,"column":3}},"32":{"start":{"line":33,"column":0},"end":{"line":33,"column":2}}},"s":{"0":1,"7":1,"8":1,"9":0,"10":0,"12":0,"13":0,"14":0,"16":0,"17":0,"18":0,"20":0,"21":0,"22":0,"24":0,"25":0,"26":0,"28":1,"29":0,"30":0,"31":0,"32":1},"branchMap":{},"b":{},"fnMap":{"0":{"name":"list","decl":{"start":{"line":9,"column":8},"end":{"line":27,"column":4}},"loc":{"start":{"line":9,"column":8},"end":{"line":27,"column":4}},"line":9},"1":{"name":"getById","decl":{"start":{"line":29,"column":11},"end":{"line":32,"column":3}},"loc":{"start":{"line":29,"column":11},"end":{"line":32,"column":3}},"line":29}},"f":{"0":0,"1":0}}
,"/home/runner/work/online-judge/online-judge/frontend/src/services/submissions-service.ts": {"path":"/home/runner/work/online-judge/online-judge/frontend/src/services/submissions-service.ts","all":false,"statementMap":{"0":{"start":{"line":1,"column":0},"end":{"line":1,"column":14}},"9":{"start":{"line":10,"column":0},"end":{"line":10,"column":35}},"10":{"start":{"line":11,"column":0},"end":{"line":11,"column":87}},"11":{"start":{"line":12,"column":0},"end":{"line":12,"column":41}},"12":{"start":{"line":13,"column":0},"end":{"line":13,"column":51}},"14":{"start":{"line":15,"column":0},"end":{"line":15,"column":39}},"15":{"start":{"line":16,"column":0},"end":{"line":16,"column":57}},"16":{"start":{"line":17,"column":0},"end":{"line":17,"column":5}},"18":{"start":{"line":19,"column":0},"end":{"line":19,"column":42}},"19":{"start":{"line":20,"column":0},"end":{"line":20,"column":63}},"20":{"start":{"line":21,"column":0},"end":{"line":21,"column":5}},"22":{"start":{"line":23,"column":0},"end":{"line":23,"column":35}},"23":{"start":{"line":24,"column":0},"end":{"line":24,"column":74}},"24":{"start":{"line":25,"column":0},"end":{"line":25,"column":5}},"26":{"start":{"line":27,"column":0},"end":{"line":27,"column":36}},"27":{"start":{"line":28,"column":0},"end":{"line":28,"column":81}},"28":{"start":{"line":29,"column":0},"end":{"line":29,"column":5}},"30":{"start":{"line":31,"column":0},"end":{"line":31,"column":104}},"31":{"start":{"line":32,"column":0},"end":{"line":32,"column":25}},"32":{"start":{"line":33,"column":0},"end":{"line":33,"column":4}},"34":{"start":{"line":35,"column":0},"end":{"line":35,"column":70}},"35":{"start":{"line":36,"column":0},"end":{"line":36,"column":97}},"36":{"start":{"line":37,"column":0},"end":{"line":37,"column":25}},"37":{"start":{"line":38,"column":0},"end":{"line":38,"column":4}},"39":{"start":{"line":40,"column":0},"end":{"line":40,"column":75}},"40":{"start":{"line":41,"column":0},"end":{"line":41,"column":91}},"41":{"start":{"line":42,"column":0},"end":{"line":42,"column":25}},"42":{"start":{"line":43,"column":0},"end":{"line":43,"column":3}},"43":{"start":{"line":44,"column":0},"end":{"line":44,"column":2}}},"s":{"0":1,"9":1,"10":1,"11":0,"12":0,"14":0,"15":0,"16":0,"18":0,"19":0,"20":0,"22":0,"23":0,"24":0,"26":0,"27":0,"28":0,"30":0,"31":0,"32":0,"34":1,"35":0,"36":0,"37":0,"39":1,"40":0,"41":0,"42":0,"43":1},"branchMap":{},"b":{},"fnMap":{"0":{"name":"list","decl":{"start":{"line":11,"column":8},"end":{"line":33,"column":4}},"loc":{"start":{"line":11,"column":8},"end":{"line":33,"column":4}},"line":11},"1":{"name":"getById","decl":{"start":{"line":35,"column":11},"end":{"line":38,"column":4}},"loc":{"start":{"line":35,"column":11},"end":{"line":38,"column":4}},"line":35},"2":{"name":"submit","decl":{"start":{"line":40,"column":10},"end":{"line":43,"column":3}},"loc":{"start":{"line":40,"column":10},"end":{"line":43,"column":3}},"line":40}},"f":{"0":0,"1":0,"2":0}}
,"/home/runner/work/online-judge/online-judge/frontend/src/services/token-storage.ts": {"path":"/home/runner/work/online-judge/online-judge/frontend/src/services/token-storage.ts","all":false,"statementMap":{"0":{"start":{"line":1,"column":0},"end":{"line":1,"column":30}},"2":{"start":{"line":3,"column":0},"end":{"line":3,"column":29}},"3":{"start":{"line":4,"column":0},"end":{"line":4,"column":29}},"4":{"start":{"line":5,"column":0},"end":{"line":5,"column":9}},"5":{"start":{"line":6,"column":0},"end":{"line":6,"column":45}},"6":{"start":{"line":7,"column":0},"end":{"line":7,"column":13}},"7":{"start":{"line":8,"column":0},"end":{"line":8,"column":18}},"8":{"start":{"line":9,"column":0},"end":{"line":9,"column":5}},"9":{"start":{"line":10,"column":0},"end":{"line":10,"column":4}},"11":{"start":{"line":12,"column":0},"end":{"line":12,"column":33}},"12":{"start":{"line":13,"column":0},"end":{"line":13,"column":9}},"13":{"start":{"line":14,"column":0},"end":{"line":14,"column":45}},"14":{"start":{"line":15,"column":0},"end":{"line":15,"column":21}},"15":{"start":{"line":16,"column":0},"end":{"line":16,"column":53}},"16":{"start":{"line":17,"column":0},"end":{"line":17,"column":5}},"17":{"start":{"line":18,"column":0},"end":{"line":18,"column":4}},"19":{"start":{"line":20,"column":0},"end":{"line":20,"column":23}},"20":{"start":{"line":21,"column":0},"end":{"line":21,"column":9}},"21":{"start":{"line":22,"column":0},"end":{"line":22,"column":41}},"22":{"start":{"line":23,"column":0},"end":{"line":23,"column":21}},"23":{"start":{"line":24,"column":0},"end":{"line":24,"column":54}},"24":{"start":{"line":25,"column":0},"end":{"line":25,"column":5}},"25":{"start":{"line":26,"column":0},"end":{"line":26,"column":3}},"26":{"start":{"line":27,"column":0},"end":{"line":27,"column":2}}},"s":{"0":1,"2":1,"3":1,"4":60,"5":60,"6":60,"7":0,"8":0,"9":60,"11":1,"12":0,"13":0,"14":0,"15":0,"16":0,"17":0,"19":1,"20":60,"21":60,"22":60,"23":0,"24":0,"25":60,"26":1},"branchMap":{"0":{"type":"branch","line":4,"loc":{"start":{"line":4,"column":7},"end":{"line":10,"column":4}},"locations":[{"start":{"line":4,"column":7},"end":{"line":10,"column":4}}]},"1":{"type":"branch","line":7,"loc":{"start":{"line":7,"column":4},"end":{"line":9,"column":5}},"locations":[{"start":{"line":7,"column":4},"end":{"line":9,"column":5}}]},"2":{"type":"branch","line":20,"loc":{"start":{"line":20,"column":10},"end":{"line":26,"column":3}},"locations":[{"start":{"line":20,"column":10},"end":{"line":26,"column":3}}]},"3":{"type":"branch","line":23,"loc":{"start":{"line":23,"column":4},"end":{"line":25,"column":5}},"locations":[{"start":{"line":23,"column":4},"end":{"line":25,"column":5}}]}},"b":{"0":[60],"1":[0],"2":[60],"3":[0]},"fnMap":{"0":{"name":"get","decl":{"start":{"line":4,"column":7},"end":{"line":10,"column":4}},"loc":{"start":{"line":4,"column":7},"end":{"line":10,"column":4}},"line":4},"1":{"name":"set","decl":{"start":{"line":12,"column":7},"end":{"line":18,"column":4}},"loc":{"start":{"line":12,"column":7},"end":{"line":18,"column":4}},"line":12},"2":{"name":"remove","decl":{"start":{"line":20,"column":10},"end":{"line":26,"column":3}},"loc":{"start":{"line":20,"column":10},"end":{"line":26,"column":3}},"line":20}},"f":{"0":60,"1":0,"2":60}}
,"/home/runner/work/online-judge/online-judge/frontend/src/types/api.ts": {"path":"/home/runner/work/online-judge/online-judge/frontend/src/types/api.ts","all":false,"statementMap":{"0":{"start":{"line":1,"column":0},"end":{"line":1,"column":34}},"1":{"start":{"line":2,"column":0},"end":{"line":2,"column":15}},"2":{"start":{"line":3,"column":0},"end":{"line":3,"column":19}},"3":{"start":{"line":4,"column":0},"end":{"line":4,"column":14}},"4":{"start":{"line":5,"column":0},"end":{"line":5,"column":11}},"8":{"start":{"line":9,"column":0},"end":{"line":9,"column":27}},"9":{"start":{"line":10,"column":0},"end":{"line":10,"column":17}},"10":{"start":{"line":11,"column":0},"end":{"line":11,"column":19}},"11":{"start":{"line":12,"column":0},"end":{"line":12,"column":19}},"12":{"start":{"line":13,"column":0},"end":{"line":13,"column":11}},"13":{"start":{"line":14,"column":0},"end":{"line":14,"column":15}},"14":{"start":{"line":15,"column":0},"end":{"line":15,"column":16}},"15":{"start":{"line":16,"column":0},"end":{"line":16,"column":11}},"19":{"start":{"line":20,"column":0},"end":{"line":20,"column":29}},"20":{"start":{"line":21,"column":0},"end":{"line":21,"column":19}},"21":{"start":{"line":22,"column":0},"end":{"line":22,"column":35}},"22":{"start":{"line":23,"column":0},"end":{"line":23,"column":28}},"23":{"start":{"line":24,"column":0},"end":{"line":24,"column":11}},"27":{"start":{"line":28,"column":0},"end":{"line":28,"column":35}},"28":{"start":{"line":29,"column":0},"end":{"line":29,"column":13}},"29":{"start":{"line":30,"column":0},"end":{"line":30,"column":15}},"30":{"start":{"line":31,"column":0},"end":{"line":31,"column":19}},"31":{"start":{"line":32,"column":0},"end":{"line":32,"column":26}},"32":{"start":{"line":33,"column":0},"end":{"line":33,"column":11}},"36":{"start":{"line":37,"column":0},"end":{"line":37,"column":33}},"37":{"start":{"line":38,"column":0},"end":{"line":38,"column":49}},"38":{"start":{"line":39,"column":0},"end":{"line":39,"column":21}},"39":{"start":{"line":40,"column":0},"end":{"line":40,"column":19}},"40":{"start":{"line":41,"column":0},"end":{"line":41,"column":45}},"41":{"start":{"line":42,"column":0},"end":{"line":42,"column":49}},"42":{"start":{"line":43,"column":0},"end":{"line":43,"column":41}},"43":{"start":{"line":44,"column":0},"end":{"line":44,"column":32}},"44":{"start":{"line":45,"column":0},"end":{"line":45,"column":11}},"48":{"start":{"line":49,"column":0},"end":{"line":49,"column":25}},"49":{"start":{"line":50,"column":0},"end":{"line":50,"column":15}},"50":{"start":{"line":51,"column":0},"end":{"line":51,"column":16}},"51":{"start":{"line":52,"column":0},"end":{"line":52,"column":11}}},"s":{"0":1,"1":1,"2":1,"3":1,"4":1,"8":1,"9":1,"10":1,"11":1,"12":1,"13":1,"14":1,"15":1,"19":1,"20":1,"21":1,"22":1,"23":1,"27":1,"28":1,"29":1,"30":1,"31":1,"32":1,"36":1,"37":1,"38":1,"39":1,"40":1,"41":1,"42":1,"43":1,"44":1,"48":1,"49":1,"50":1,"51":1},"branchMap":{},"b":{},"fnMap":{},"f":{}}
}
